SF:/Users/scheglov/Source/Dart/sdk.git/sdk/pkg/analyzer/lib/dart/analysis/results.dart
DA:35,0
DA:36,0
LF:2
LH:1
end_of_record
SF:/Users/scheglov/Source/Dart/sdk.git/sdk/pkg/analyzer/lib/file_system/file_system.dart
DA:66,0
DA:68,0
DA:69,0
DA:139,0
DA:141,0
DA:142,0
DA:256,0
DA:267,0
DA:272,1
DA:276,1
DA:279,1
DA:287,0
DA:296,0
DA:297,0
DA:298,0
DA:299,0
DA:300,0
DA:301,0
DA:302,0
DA:303,0
DA:307,0
LF:21
LH:3
end_of_record
SF:/Users/scheglov/Source/Dart/sdk.git/sdk/pkg/analyzer/lib/src/dart/analysis/results.dart
DA:28,0
DA:29,0
DA:31,0
DA:32,0
DA:33,0
DA:34,0
DA:44,1
DA:57,0
DA:59,0
DA:61,0
DA:63,0
DA:67,0
DA:68,0
DA:69,0
DA:70,0
DA:72,0
DA:73,0
DA:74,0
DA:76,0
DA:77,0
DA:78,0
DA:80,0
DA:81,0
DA:82,0
DA:84,0
DA:85,0
DA:86,0
DA:89,0
DA:90,0
DA:91,0
DA:92,0
DA:93,0
DA:96,0
DA:97,0
DA:101,0
DA:102,0
DA:103,0
DA:104,0
DA:107,0
DA:108,0
DA:109,0
DA:110,0
DA:112,0
DA:113,0
DA:114,0
DA:117,0
DA:118,0
DA:119,0
DA:121,0
DA:122,0
DA:123,0
DA:125,0
DA:126,0
DA:127,0
DA:129,0
DA:130,0
DA:131,0
DA:133,0
DA:134,0
DA:135,0
DA:137,0
DA:138,0
DA:139,0
DA:140,0
DA:142,0
DA:143,0
DA:144,0
DA:147,0
DA:148,0
DA:149,0
DA:151,0
DA:152,0
DA:153,0
DA:154,0
DA:159,0
DA:160,0
DA:164,0
DA:165,0
DA:168,0
DA:169,0
DA:190,0
DA:226,0
DA:238,0
DA:239,0
DA:241,0
DA:242,0
DA:260,1
DA:261,1
DA:262,1
DA:263,2
DA:264,2
DA:266,0
DA:267,0
DA:269,0
DA:270,0
DA:272,0
DA:273,0
DA:275,0
DA:276,0
DA:283,1
DA:291,0
DA:293,0
DA:296,0
DA:299,0
DA:301,0
DA:302,0
DA:306,0
DA:307,0
DA:308,0
DA:309,0
DA:310,0
DA:311,0
DA:312,0
DA:318,0
DA:319,0
DA:320,0
DA:326,0
DA:342,0
DA:349,0
DA:350,0
DA:363,1
DA:365,0
DA:366,0
DA:399,0
DA:421,0
DA:427,0
DA:428,0
DA:430,0
DA:433,0
DA:436,0
DA:438,0
DA:439,0
DA:443,0
DA:444,0
DA:445,0
DA:446,0
DA:447,0
DA:448,0
DA:450,0
DA:451,0
DA:457,0
DA:458,0
DA:459,0
DA:465,0
DA:473,0
DA:475,0
DA:476,0
DA:492,0
DA:499,0
DA:500,0
DA:502,0
DA:503,0
DA:505,0
DA:507,0
DA:510,0
DA:511,0
DA:513,0
DA:514,0
DA:516,0
DA:517,0
DA:525,1
LF:161
LH:9
end_of_record
SF:/Users/scheglov/Source/Dart/sdk.git/sdk/pkg/analyzer/lib/src/dart/element/element.dart
DA:81,3
DA:82,3
DA:85,4
DA:86,4
DA:92,0
DA:94,0
DA:96,0
DA:98,0
DA:100,0
DA:102,0
DA:104,0
DA:106,0
DA:112,0
DA:116,0
DA:118,0
DA:120,0
DA:122,0
DA:133,0
DA:138,0
DA:141,0
DA:143,0
DA:145,0
DA:147,0
DA:149,0
DA:151,0
DA:162,1
DA:163,2
DA:164,2
DA:173,0
DA:175,0
DA:177,0
DA:178,0
DA:179,0
DA:180,0
DA:181,0
DA:182,0
DA:183,0
DA:190,0
DA:191,0
DA:192,0
DA:193,0
DA:197,0
DA:198,0
DA:203,0
DA:204,0
DA:205,0
DA:209,0
DA:210,0
DA:211,0
DA:221,1
DA:224,0
DA:225,1
DA:228,1
DA:231,0
DA:232,1
DA:234,1
DA:236,1
DA:238,1
DA:242,0
DA:245,0
DA:249,0
DA:251,0
DA:252,0
DA:253,0
DA:254,0
DA:256,0
DA:257,0
DA:258,0
DA:259,0
DA:260,0
DA:265,0
DA:266,0
DA:269,0
DA:271,0
DA:279,1
DA:281,2
DA:283,1
DA:285,2
DA:287,0
DA:289,0
DA:291,0
DA:293,0
DA:295,1
DA:297,2
DA:299,0
DA:301,0
DA:304,0
DA:306,0
DA:309,0
DA:314,0
DA:315,0
DA:322,0
DA:323,0
DA:324,0
DA:327,0
DA:332,0
DA:333,0
DA:341,0
DA:343,0
DA:345,1
DA:347,2
DA:349,1
DA:351,2
DA:353,1
DA:355,2
DA:357,1
DA:359,2
DA:361,1
DA:363,2
DA:365,0
DA:367,0
DA:369,1
DA:372,0
DA:373,1
DA:376,0
DA:379,0
DA:382,0
DA:385,0
DA:388,0
DA:391,0
DA:394,0
DA:397,0
DA:400,0
DA:403,0
DA:406,0
DA:409,0
DA:411,0
DA:412,0
DA:417,0
DA:420,0
DA:431,1
DA:433,1
DA:435,1
DA:436,1
DA:439,1
DA:440,1
DA:443,1
DA:444,1
DA:447,0
DA:448,0
DA:451,1
DA:452,1
DA:455,1
DA:456,1
DA:459,1
DA:461,1
DA:464,0
DA:466,1
DA:467,4
DA:470,1
DA:471,4
DA:474,0
DA:475,0
DA:478,0
DA:480,1
DA:481,1
DA:484,1
DA:485,1
DA:488,1
DA:489,1
DA:492,1
DA:493,1
DA:496,1
DA:497,1
DA:501,1
DA:502,1
DA:505,1
DA:506,1
DA:509,1
DA:510,1
DA:513,1
DA:514,1
DA:517,1
DA:518,1
DA:521,0
DA:522,0
DA:523,0
DA:526,0
DA:527,0
DA:534,0
DA:537,1
DA:539,1
DA:542,1
DA:544,1
DA:547,0
DA:548,0
DA:549,0
DA:550,0
DA:553,0
DA:555,0
DA:558,1
DA:561,1
DA:565,0
DA:571,0
DA:576,0
DA:578,0
DA:579,0
DA:581,0
DA:582,0
DA:583,0
DA:584,0
DA:590,0
DA:591,0
DA:592,0
DA:593,0
DA:595,0
DA:596,0
DA:599,0
DA:601,0
DA:606,0
DA:607,0
DA:611,0
DA:612,0
DA:613,0
DA:614,0
DA:616,0
DA:618,0
DA:619,0
DA:621,0
DA:624,0
DA:625,0
DA:626,0
DA:627,0
DA:628,0
DA:629,0
DA:630,0
DA:631,0
DA:632,0
DA:634,0
DA:636,0
DA:637,0
DA:638,0
DA:640,0
DA:641,0
DA:643,0
DA:644,0
DA:645,0
DA:647,0
DA:650,0
DA:651,0
DA:652,0
DA:653,0
DA:654,0
DA:656,0
DA:657,0
DA:658,0
DA:659,0
DA:661,0
DA:662,0
DA:665,0
DA:666,0
DA:669,0
DA:670,0
DA:672,0
DA:674,0
DA:679,0
DA:680,0
DA:681,0
DA:682,0
DA:685,0
DA:686,0
DA:688,0
DA:689,0
DA:691,0
DA:693,0
DA:694,0
DA:696,0
DA:699,0
DA:700,0
DA:701,0
DA:705,0
DA:707,0
DA:708,0
DA:709,0
DA:710,0
DA:711,0
DA:712,0
DA:713,0
DA:714,0
DA:717,0
DA:725,1
DA:727,0
DA:728,0
DA:731,1
DA:732,1
DA:746,1
DA:748,0
DA:750,0
DA:754,0
DA:764,0
DA:789,1
DA:794,2
DA:795,2
DA:798,1
DA:802,1
DA:803,1
DA:804,3
DA:805,1
DA:808,0
DA:810,0
DA:811,0
DA:812,0
DA:813,0
DA:819,1
DA:821,3
DA:823,0
DA:825,0
DA:827,1
DA:829,1
DA:830,1
DA:833,1
DA:835,1
DA:837,1
DA:839,1
DA:841,1
DA:845,1
DA:846,2
DA:848,0
DA:849,0
DA:851,1
DA:852,2
DA:854,0
DA:855,0
DA:857,0
DA:860,1
DA:862,1
DA:865,0
DA:867,0
DA:868,0
DA:874,1
DA:876,2
DA:879,1
DA:880,3
DA:883,0
DA:885,0
DA:888,1
DA:890,2
DA:892,1
DA:893,3
DA:896,1
DA:898,1
DA:903,0
DA:904,0
DA:907,1
DA:909,2
DA:910,1
DA:1009,1
DA:1013,1
DA:1014,1
DA:1015,1
DA:1018,1
DA:1019,1
DA:1022,0
DA:1025,0
DA:1027,0
DA:1028,0
DA:1029,0
DA:1030,0
DA:1036,1
DA:1038,1
DA:1040,1
DA:1042,1
DA:1044,1
DA:1046,1
DA:1050,1
DA:1051,1
DA:1054,0
DA:1057,0
DA:1061,0
DA:1062,0
DA:1070,1
DA:1072,1
DA:1076,1
DA:1077,1
DA:1080,0
DA:1082,0
DA:1085,0
DA:1088,0
DA:1089,0
DA:1091,0
DA:1093,0
DA:1097,0
DA:1101,1
DA:1102,2
DA:1104,1
DA:1106,1
DA:1107,1
DA:1110,1
DA:1111,1
DA:1114,1
DA:1116,1
DA:1121,3
DA:1122,1
DA:1125,1
DA:1126,1
DA:1127,1
DA:1130,1
DA:1131,1
DA:1134,1
DA:1137,2
DA:1138,1
DA:1139,5
DA:1140,1
DA:1145,0
DA:1150,0
DA:1152,0
DA:1157,0
DA:1158,0
DA:1159,0
DA:1160,0
DA:1161,0
DA:1162,0
DA:1163,0
DA:1190,0
DA:1192,0
DA:1193,0
DA:1196,0
DA:1197,0
DA:1203,0
DA:1204,0
DA:1205,0
DA:1208,0
DA:1209,0
DA:1210,0
DA:1213,0
DA:1214,0
DA:1215,0
DA:1216,0
DA:1217,0
DA:1221,0
DA:1234,1
DA:1241,0
DA:1243,0
DA:1252,1
DA:1259,0
DA:1261,0
DA:1270,0
DA:1277,0
DA:1279,0
DA:1283,0
DA:1285,0
DA:1288,0
DA:1289,0
DA:1295,0
DA:1297,0
DA:1298,0
DA:1301,0
DA:1302,0
DA:1303,0
DA:1309,0
DA:1310,0
DA:1317,0
DA:1319,0
DA:1324,0
DA:1325,0
DA:1332,0
DA:1334,0
DA:1335,0
DA:1338,0
DA:1354,2
DA:1356,2
DA:1359,2
DA:1360,2
DA:1361,2
DA:1362,2
DA:1377,8
DA:1379,8
DA:1382,1
DA:1383,2
DA:1384,1
DA:1385,2
DA:1388,9
DA:1389,18
DA:1393,9
DA:1394,7
DA:1395,7
DA:1398,13
DA:1399,7
DA:1411,1
DA:1418,1
DA:1431,1
DA:1442,1
DA:1450,1
DA:1462,1
DA:1468,1
DA:1469,2
DA:1475,3
DA:1477,1
DA:1479,0
DA:1482,0
DA:1485,0
DA:1487,0
DA:1489,0
DA:1490,0
DA:1492,0
DA:1494,0
DA:1496,0
DA:1498,0
DA:1500,0
DA:1504,0
DA:1507,0
DA:1510,0
DA:1513,0
DA:1515,0
DA:1518,0
DA:1520,0
DA:1522,1
DA:1525,0
DA:1534,0
DA:1543,0
DA:1544,0
DA:1547,0
DA:1550,0
DA:1551,0
DA:1553,0
DA:1556,0
DA:1559,0
DA:1562,0
DA:1565,0
DA:1567,0
DA:1569,0
DA:1572,0
DA:1575,0
DA:1578,0
DA:1581,0
DA:1646,0
DA:1761,1
DA:1763,0
DA:1765,0
DA:1766,0
DA:1767,0
DA:1770,0
DA:1771,0
DA:1772,0
DA:1773,0
DA:1774,0
DA:1775,0
DA:1776,0
DA:1777,0
DA:1784,0
DA:1785,0
DA:1787,0
DA:1788,0
DA:1790,0
DA:1792,0
DA:1794,0
DA:1795,0
DA:1797,0
DA:1798,0
DA:1799,0
DA:1800,0
DA:1801,0
DA:1806,1
DA:1808,1
DA:1809,1
DA:1810,2
DA:1811,0
DA:1812,1
DA:1813,0
DA:1814,0
DA:1819,0
DA:1820,0
DA:1822,0
DA:1823,0
DA:1825,0
DA:1826,0
DA:1828,0
DA:1829,0
DA:1831,0
DA:1832,0
DA:1834,0
DA:1835,0
DA:1837,0
DA:1838,0
DA:1840,0
DA:1841,0
DA:1843,0
DA:1845,0
DA:1847,0
DA:1848,0
DA:1850,0
DA:1851,0
DA:1853,0
DA:1854,0
DA:1856,0
DA:1857,0
DA:1859,0
DA:1860,0
DA:1862,0
DA:1864,0
DA:1866,1
DA:1867,1
DA:1871,0
DA:1872,0
DA:1873,0
DA:1874,0
DA:1875,0
DA:1880,0
DA:1881,0
DA:1883,0
DA:1886,0
DA:1887,0
DA:1889,0
DA:1890,0
DA:1892,0
DA:1894,0
DA:1898,0
DA:1900,0
DA:1901,0
DA:1903,0
DA:1904,0
DA:1909,0
DA:1911,0
DA:1915,0
DA:1917,0
DA:1919,0
DA:1921,0
DA:1922,0
DA:1927,0
DA:1929,0
DA:1931,0
DA:1932,0
DA:1937,0
DA:1938,0
DA:1939,0
DA:1943,0
DA:1944,0
DA:1946,0
DA:1947,0
DA:1949,0
DA:1950,0
DA:1952,0
DA:1954,0
DA:1955,0
DA:1956,0
DA:1957,0
DA:1958,0
DA:1959,0
DA:1963,0
DA:1969,0
DA:1970,0
DA:1972,0
DA:1973,0
DA:1975,0
DA:1979,0
DA:1980,0
DA:1981,0
DA:1982,0
DA:1985,1
DA:1986,1
DA:1989,0
DA:1990,0
DA:1993,1
DA:2002,1
DA:2003,1
DA:2004,0
DA:2005,0
DA:2006,0
DA:2020,1
DA:2022,0
DA:2025,0
DA:2027,0
DA:2037,0
DA:2040,1
DA:2043,1
DA:2044,1
DA:2046,0
DA:2048,0
DA:2050,0
DA:2052,0
DA:2054,0
DA:2060,0
DA:2061,0
DA:2066,0
DA:2069,0
DA:2071,0
DA:2075,0
DA:2078,0
DA:2079,0
DA:2081,1
DA:2083,1
DA:2086,1
DA:2089,0
DA:2091,0
DA:2098,0
DA:2100,0
DA:2102,0
DA:2105,1
DA:2111,0
DA:2112,0
DA:2115,0
DA:2120,0
DA:2124,0
DA:2125,0
DA:2128,0
DA:2130,0
DA:2131,0
DA:2132,0
DA:2136,3
DA:2138,1
DA:2140,1
DA:2141,1
DA:2142,2
DA:2148,1
DA:2149,3
DA:2152,0
DA:2155,0
DA:2156,0
DA:2161,0
DA:2164,0
DA:2165,0
DA:2172,0
DA:2174,0
DA:2179,1
DA:2181,1
DA:2182,0
DA:2194,0
DA:2195,0
DA:2196,0
DA:2199,0
DA:2201,0
DA:2204,0
DA:2206,0
DA:2208,0
DA:2210,0
DA:2212,0
DA:2216,0
DA:2218,0
DA:2228,0
DA:2230,0
DA:2231,0
DA:2234,0
DA:2236,0
DA:2238,0
DA:2240,0
DA:2241,0
DA:2244,0
DA:2247,0
DA:2248,0
DA:2250,0
DA:2252,0
DA:2254,0
DA:2255,0
DA:2256,0
DA:2263,0
DA:2264,0
DA:2265,0
DA:2266,0
DA:2269,0
DA:2271,0
DA:2299,0
DA:2302,1
DA:2303,1
DA:2304,1
DA:2305,1
DA:2306,1
DA:2315,1
DA:2316,1
DA:2317,1
DA:2320,0
DA:2321,0
DA:2322,0
DA:2325,1
DA:2326,1
DA:2328,2
DA:2336,1
DA:2338,1
DA:2339,1
DA:2342,1
DA:2344,1
DA:2347,1
DA:2348,0
DA:2349,0
DA:2353,1
DA:2356,1
DA:2357,1
DA:2452,1
DA:2454,0
DA:2455,0
DA:2457,0
DA:2463,1
DA:2465,1
DA:2468,1
DA:2469,1
DA:2474,1
DA:2475,1
DA:2478,1
DA:2479,1
DA:2482,1
DA:2484,1
DA:2488,1
DA:2489,1
DA:2492,1
DA:2493,1
DA:2496,1
DA:2497,1
DA:2500,1
DA:2502,1
DA:2505,1
DA:2507,1
DA:2511,1
DA:2512,1
DA:2515,0
DA:2517,0
DA:2520,1
DA:2521,1
DA:2524,1
DA:2526,1
DA:2530,1
DA:2531,1
DA:2534,1
DA:2536,1
DA:2540,1
DA:2541,1
DA:2544,0
DA:2547,1
DA:2549,1
DA:2552,1
DA:2553,1
DA:2556,1
DA:2557,1
DA:2559,1
DA:2561,1
DA:2562,1
DA:2565,1
DA:2566,1
DA:2568,1
DA:2570,1
DA:2571,1
DA:2576,1
DA:2577,2
DA:2578,1
DA:2580,1
DA:2583,1
DA:2584,1
DA:2587,1
DA:2589,1
DA:2592,1
DA:2593,0
DA:2594,0
DA:2595,0
DA:2596,0
DA:2600,1
DA:2603,1
DA:2606,1
DA:2614,1
DA:2617,1
DA:2619,2
DA:2621,2
DA:2622,1
DA:2623,5
DA:2624,1
DA:2629,0
DA:2630,0
DA:2633,0
DA:2635,0
DA:2650,1
DA:2651,2
DA:2652,2
DA:2655,1
DA:2657,1
DA:2658,1
DA:2661,1
DA:2662,1
DA:2665,1
DA:2667,1
DA:2669,1
DA:2671,1
DA:2673,1
DA:2677,0
DA:2678,0
DA:2680,1
DA:2682,1
DA:2693,1
DA:2695,0
DA:2696,0
DA:2697,0
DA:2698,0
DA:2699,0
DA:2700,0
DA:2701,0
DA:2704,1
DA:2705,1
DA:2707,1
DA:2709,1
DA:2710,1
DA:2713,0
DA:2714,0
DA:2717,0
DA:2719,0
DA:2720,0
DA:2723,0
DA:2726,0
DA:2729,1
DA:2731,1
DA:2732,1
DA:2735,1
DA:2737,1
DA:2739,0
DA:2740,0
DA:2742,0
DA:2744,0
DA:2746,0
DA:2747,0
DA:2748,0
DA:2749,0
DA:2752,0
DA:2754,0
DA:2766,1
DA:2767,2
DA:2768,2
DA:2771,1
DA:2773,1
DA:2775,1
DA:2777,1
DA:2779,1
DA:2785,1
DA:2786,2
DA:2791,1
DA:2792,2
DA:2797,1
DA:2798,2
DA:2803,1
DA:2804,2
DA:2807,1
DA:2809,3
DA:2812,0
DA:2815,0
DA:2818,1
DA:2820,3
DA:2823,0
DA:2826,0
DA:2829,1
DA:2830,2
DA:2832,1
DA:2834,1
DA:2852,1
DA:2854,1
DA:2856,1
DA:2857,1
DA:2860,0
DA:2865,1
DA:2867,1
DA:2869,1
DA:2871,1
DA:2873,1
DA:2875,2
DA:2878,0
DA:2880,0
DA:2882,1
DA:2884,2
DA:2887,0
DA:2889,0
DA:2891,0
DA:2892,0
DA:2893,0
DA:2894,0
DA:2897,0
DA:2899,0
DA:2920,1
DA:2921,2
DA:2922,2
DA:2925,1
DA:2928,1
DA:2930,3
DA:2932,0
DA:2934,0
DA:2936,1
DA:2938,1
DA:2940,1
DA:2942,1
DA:2944,1
DA:2951,1
DA:2952,2
DA:2955,0
DA:2956,0
DA:2958,1
DA:2959,2
DA:2961,1
DA:2962,2
DA:2964,1
DA:2965,2
DA:2967,1
DA:2968,2
DA:2970,1
DA:2971,2
DA:2974,1
DA:2975,2
DA:2977,1
DA:2978,2
DA:2980,1
DA:2981,2
DA:2983,1
DA:2984,2
DA:2986,1
DA:2987,2
DA:2989,0
DA:2992,1
DA:2994,2
DA:2997,1
DA:2998,2
DA:3000,1
DA:3001,2
DA:3003,1
DA:3005,1
DA:3008,0
DA:3009,0
DA:3024,1
DA:3026,0
DA:3027,0
DA:3028,0
DA:3032,1
DA:3034,1
DA:3036,1
DA:3038,1
DA:3040,1
DA:3042,1
DA:3044,1
DA:3065,1
DA:3072,1
DA:3074,1
DA:3082,1
DA:3085,1
DA:3088,1
DA:3090,1
DA:3092,1
DA:3094,1
DA:3096,1
DA:3099,1
DA:3116,1
DA:3118,1
DA:3120,1
DA:3121,1
DA:3124,0
DA:3130,1
DA:3131,1
DA:3134,1
DA:3135,1
DA:3142,1
DA:3143,1
DA:3147,1
DA:3148,1
DA:3152,1
DA:3153,1
DA:3157,1
DA:3158,1
DA:3161,0
DA:3162,0
DA:3166,1
DA:3167,1
DA:3171,1
DA:3172,1
DA:3175,1
DA:3176,1
DA:3186,1
DA:3188,2
DA:3189,0
DA:3190,0
DA:3191,0
DA:3194,0
DA:3197,0
DA:3198,0
DA:3200,1
DA:3202,1
DA:3203,1
DA:3206,1
DA:3208,1
DA:3210,1
DA:3211,4
DA:3213,1
DA:3215,1
DA:3217,0
DA:3218,0
DA:3219,0
DA:3220,0
DA:3236,1
DA:3237,1
DA:3239,1
DA:3240,1
DA:3245,1
DA:3250,1
DA:3255,1
DA:3258,0
DA:3261,0
DA:3263,0
DA:3265,1
DA:3266,1
DA:3268,1
DA:3271,4
DA:3273,1
DA:3275,1
DA:3277,1
DA:3279,1
DA:3281,1
DA:3285,0
DA:3287,0
DA:3289,1
DA:3291,2
DA:3293,1
DA:3295,2
DA:3297,1
DA:3299,2
DA:3301,1
DA:3303,2
DA:3305,0
DA:3306,0
DA:3308,1
DA:3310,2
DA:3312,1
DA:3313,2
DA:3315,0
DA:3316,0
DA:3318,1
DA:3319,2
DA:3321,1
DA:3322,2
DA:3324,0
DA:3325,0
DA:3327,0
DA:3328,0
DA:3330,1
DA:3331,2
DA:3333,1
DA:3334,2
DA:3336,0
DA:3338,0
DA:3340,0
DA:3342,0
DA:3344,1
DA:3347,1
DA:3348,2
DA:3350,1
DA:3352,2
DA:3355,0
DA:3356,0
DA:3358,1
DA:3360,2
DA:3363,1
DA:3365,2
DA:3367,1
DA:3368,2
DA:3371,1
DA:3375,0
DA:3376,0
DA:3378,1
DA:3379,2
DA:3381,1
DA:3383,1
DA:3386,0
DA:3388,0
DA:3390,1
DA:3392,1
DA:3393,0
DA:3417,0
DA:3419,0
DA:3420,0
DA:3421,0
DA:3422,0
DA:3423,0
DA:3424,0
DA:3467,1
DA:3476,1
DA:3484,1
DA:3485,1
DA:3490,1
DA:3491,1
DA:3495,0
DA:3498,0
DA:3501,1
DA:3503,1
DA:3504,1
DA:3507,1
DA:3510,0
DA:3514,1
DA:3517,2
DA:3519,1
DA:3520,1
DA:3523,0
DA:3524,0
DA:3527,1
DA:3529,2
DA:3536,1
DA:3537,1
DA:3542,1
DA:3543,1
DA:3546,1
DA:3549,1
DA:3553,1
DA:3555,0
DA:3558,1
DA:3560,2
DA:3564,0
DA:3565,0
DA:3567,1
DA:3569,2
DA:3572,0
DA:3574,0
DA:3576,1
DA:3580,1
DA:3582,1
DA:3587,1
DA:3588,2
DA:3589,1
DA:3591,1
DA:3594,1
DA:3598,1
DA:3600,1
DA:3605,1
DA:3606,1
DA:3607,0
DA:3609,1
DA:3612,0
DA:3614,0
DA:3617,1
DA:3619,1
DA:3624,5
DA:3625,5
DA:3626,10
DA:3627,5
DA:3629,0
DA:3630,0
DA:3631,0
DA:3633,0
DA:3636,5
DA:3639,0
DA:3642,10
DA:3643,10
DA:3644,20
DA:3646,10
DA:3647,30
DA:3649,0
DA:3652,10
DA:3655,0
DA:3656,0
DA:3658,0
DA:3659,0
DA:3660,0
DA:3667,8
DA:3668,16
DA:3669,16
DA:3677,10
DA:3678,10
DA:3679,10
DA:3681,10
DA:3682,10
DA:3687,0
DA:3691,0
DA:3695,0
DA:3696,0
DA:3697,0
DA:3699,0
DA:3700,0
DA:3706,0
DA:3707,0
DA:3708,0
DA:3709,0
DA:3712,0
DA:3713,0
DA:3714,0
DA:3721,4
DA:3722,8
DA:3723,4
DA:3730,0
DA:3731,0
DA:3733,4
DA:3734,8
DA:3735,4
DA:3742,9
DA:3750,5
DA:3751,5
DA:3753,6
DA:3754,4
DA:3755,8
DA:3756,14
DA:3758,0
DA:3759,0
DA:3767,4
DA:3768,8
DA:3769,8
DA:3770,0
DA:3771,0
DA:3773,0
DA:3781,0
DA:3782,0
DA:3783,0
DA:3784,0
DA:3789,5
DA:3790,5
DA:3791,5
DA:3792,5
DA:3793,9
DA:3794,5
DA:3835,1
DA:3838,2
DA:3842,2
DA:3844,0
DA:3846,0
DA:3849,0
DA:3852,1
DA:3853,1
DA:3855,1
DA:3856,1
DA:3859,1
DA:3860,1
DA:3865,1
DA:3866,2
DA:3871,0
DA:3872,0
DA:3874,0
DA:3875,0
DA:3878,0
DA:3881,0
DA:3882,0
DA:3885,0
DA:3887,0
DA:3891,0
DA:3894,0
DA:3895,0
DA:3897,1
DA:3899,1
DA:3903,1
DA:3904,1
DA:3909,0
DA:3910,0
DA:3912,0
DA:3913,0
DA:3916,0
DA:3917,0
DA:3919,1
DA:3920,1
DA:3924,1
DA:3925,1
DA:3928,0
DA:3930,0
DA:3933,0
DA:3935,0
DA:3938,0
DA:3940,0
DA:3945,0
DA:3949,1
DA:3955,0
DA:3956,0
DA:3960,1
DA:3961,1
DA:3965,0
DA:3966,0
DA:3967,0
DA:3971,0
DA:3978,0
DA:3982,0
DA:3983,0
DA:3987,3
DA:3989,1
DA:3990,3
DA:3994,1
DA:3995,1
DA:3996,1
DA:4001,1
DA:4002,3
DA:4005,0
DA:4007,0
DA:4010,1
DA:4011,2
DA:4137,1
DA:4141,0
DA:4143,0
DA:4145,0
DA:4148,1
DA:4150,1
DA:4151,1
DA:4154,0
DA:4156,0
DA:4158,0
DA:4160,0
DA:4162,0
DA:4166,0
DA:4169,0
DA:4175,1
DA:4177,2
DA:4178,1
DA:4209,0
DA:4211,0
DA:4212,0
DA:4214,0
DA:4215,0
DA:4217,0
DA:4219,0
DA:4221,0
DA:4222,0
DA:4224,0
DA:4226,0
DA:4227,0
DA:4228,0
DA:4230,0
DA:4232,0
DA:4234,0
DA:4236,0
DA:4238,0
DA:4242,0
DA:4243,0
DA:4245,0
DA:4246,0
DA:4248,0
DA:4249,0
DA:4251,0
DA:4252,0
DA:4254,0
DA:4255,0
DA:4257,0
DA:4259,0
DA:4261,0
DA:4262,0
DA:4264,0
DA:4265,0
DA:4267,0
DA:4268,0
DA:4270,0
DA:4272,0
DA:4273,0
DA:4274,0
DA:4276,0
DA:4278,0
DA:4305,1
DA:4306,1
DA:4308,0
DA:4309,0
DA:4311,0
DA:4312,0
DA:4314,0
DA:4315,0
DA:4317,0
DA:4318,0
DA:4320,0
DA:4323,0
DA:4326,0
DA:4329,0
DA:4332,0
DA:4335,0
DA:4336,0
DA:4338,1
DA:4340,1
DA:4345,1
DA:4346,2
DA:4347,1
DA:4349,1
DA:4352,0
DA:4356,1
DA:4357,1
DA:4362,1
DA:4366,1
DA:4369,0
DA:4371,0
DA:4373,0
DA:4374,0
DA:4375,0
DA:4376,0
DA:4378,0
DA:4384,0
DA:4385,0
DA:4388,0
DA:4390,0
DA:4417,1
DA:4418,2
DA:4419,1
DA:4421,1
DA:4422,1
DA:4426,0
DA:4429,0
DA:4431,0
DA:4434,1
DA:4436,1
DA:4438,1
DA:4440,1
DA:4442,1
DA:4446,1
DA:4449,0
DA:4451,0
DA:4454,0
DA:4456,0
DA:4458,0
DA:4459,0
DA:4461,0
DA:4464,1
DA:4466,1
DA:4467,2
DA:4469,1
DA:4472,1
DA:4474,1
DA:4489,1
DA:4491,0
DA:4493,1
DA:4496,0
DA:4499,0
DA:4500,0
DA:4501,0
DA:4502,0
DA:4517,0
DA:4519,0
DA:4520,0
DA:4521,0
DA:4522,0
DA:4523,0
DA:4524,0
DA:4526,0
DA:4528,0
DA:4544,0
DA:4547,1
DA:4549,5
DA:4552,1
DA:4553,2
DA:4555,1
DA:4556,2
DA:4558,1
DA:4559,2
DA:4561,0
DA:4563,0
DA:4565,1
DA:4567,0
DA:4568,1
DA:4569,1
DA:4572,1
DA:4573,1
DA:4576,0
DA:4578,0
DA:4583,1
DA:4585,0
DA:4586,1
DA:4587,1
DA:4590,1
DA:4591,1
DA:4594,0
DA:4596,0
DA:4598,0
DA:4599,0
DA:4601,0
DA:4602,0
DA:4604,0
DA:4605,0
DA:4607,1
DA:4608,2
DA:4610,1
DA:4611,2
DA:4613,0
DA:4614,0
DA:4616,1
DA:4617,2
DA:4619,1
DA:4620,2
DA:4622,0
DA:4624,0
DA:4626,1
DA:4629,0
DA:4630,1
DA:4631,1
DA:4634,1
DA:4635,1
DA:4638,0
DA:4640,0
DA:4642,1
DA:4643,2
DA:4645,1
DA:4646,1
DA:4648,0
DA:4649,0
DA:4651,1
DA:4653,0
DA:4654,1
DA:4655,1
DA:4658,1
DA:4659,1
DA:4662,0
DA:4664,0
DA:4666,1
DA:4668,6
DA:4670,1
DA:4672,4
DA:4675,1
DA:4677,4
DA:4680,1
DA:4682,4
DA:4685,1
DA:4687,4
DA:4690,0
DA:4694,0
DA:4699,1
DA:4702,0
DA:4707,1
DA:4712,1
DA:4713,5
DA:4718,0
DA:4720,0
DA:4722,0
DA:4725,0
DA:4730,0
DA:4735,0
DA:4736,0
DA:4741,0
DA:4743,0
DA:4745,0
DA:4748,0
DA:4753,0
DA:4758,0
DA:4759,0
DA:4764,0
DA:4766,0
DA:4768,0
DA:4771,0
DA:4776,0
DA:4781,0
DA:4782,0
DA:4787,0
DA:4789,0
DA:4791,0
DA:4793,0
DA:4794,0
DA:4795,0
DA:4800,0
DA:4805,0
DA:4807,0
DA:4811,0
DA:4817,0
DA:4820,0
DA:4825,0
DA:4827,0
DA:4830,0
DA:4836,0
DA:4839,0
DA:4844,0
DA:4846,0
DA:4850,0
DA:4856,0
DA:4859,1
DA:4861,1
DA:4864,2
DA:4867,1
DA:4869,1
DA:4872,2
DA:4875,1
DA:4877,2
DA:4878,1
DA:4882,0
DA:4887,0
DA:4888,0
DA:4892,0
DA:4895,0
DA:4897,0
DA:4902,0
DA:4904,0
DA:4908,0
DA:4913,0
DA:4914,0
DA:4918,0
DA:4921,0
DA:4923,0
DA:4928,0
DA:4930,0
DA:4934,0
DA:4939,0
DA:4940,0
DA:4944,0
DA:4947,0
DA:4949,0
DA:4954,0
DA:4956,0
DA:4987,1
DA:4989,1
DA:4990,3
DA:4996,1
DA:4998,1
DA:5001,1
DA:5002,1
DA:5004,1
DA:5006,2
DA:5007,1
DA:5010,2
DA:5011,1
DA:5012,1
DA:5015,1
DA:5016,2
DA:5017,1
DA:5019,1
DA:5022,0
DA:5024,0
DA:5026,1
DA:5028,2
DA:5029,1
DA:5032,2
DA:5033,1
DA:5034,1
DA:5037,1
DA:5038,2
DA:5039,1
DA:5041,1
DA:5044,1
DA:5046,1
DA:5047,1
DA:5050,1
DA:5052,2
DA:5053,1
DA:5056,2
DA:5057,1
DA:5058,1
DA:5061,1
DA:5062,2
DA:5063,1
DA:5065,1
DA:5068,0
DA:5070,0
DA:5072,1
DA:5073,1
DA:5075,1
DA:5077,2
DA:5078,1
DA:5081,2
DA:5082,1
DA:5083,1
DA:5086,1
DA:5087,2
DA:5088,1
DA:5090,1
DA:5093,1
DA:5095,4
DA:5096,1
DA:5099,1
DA:5101,4
DA:5102,1
DA:5105,1
DA:5107,4
DA:5108,1
DA:5111,1
DA:5113,4
DA:5114,1
DA:5136,1
DA:5138,4
DA:5139,1
DA:5142,1
DA:5144,3
DA:5147,1
DA:5149,1
DA:5151,2
DA:5152,1
DA:5155,1
DA:5156,1
DA:5159,0
DA:5162,0
DA:5168,0
DA:5170,0
DA:5172,0
DA:5174,0
DA:5176,0
DA:5180,0
DA:5181,0
DA:5184,0
DA:5186,0
DA:5187,0
DA:5189,0
DA:5191,0
DA:5193,0
DA:5195,0
DA:5196,0
DA:5197,0
DA:5199,1
DA:5201,2
DA:5204,1
DA:5205,2
DA:5206,1
DA:5210,1
DA:5212,2
DA:5215,1
DA:5216,2
DA:5218,1
DA:5220,1
DA:5222,2
DA:5223,1
DA:5225,2
DA:5226,1
DA:5227,1
DA:5231,2
DA:5236,1
DA:5239,1
DA:5241,1
DA:5244,1
DA:5245,2
DA:5248,0
DA:5250,0
DA:5252,0
DA:5254,0
DA:5259,0
DA:5261,0
DA:5263,1
DA:5265,0
DA:5269,5
DA:5272,0
DA:5274,0
DA:5279,0
DA:5284,0
DA:5285,0
DA:5290,1
DA:5296,1
DA:5298,1
DA:5299,1
DA:5302,1
DA:5303,1
DA:5306,0
DA:5312,1
DA:5318,1
DA:5320,1
DA:5321,1
DA:5322,1
DA:5323,1
DA:5324,0
DA:5333,0
DA:5338,0
DA:5339,0
DA:5343,0
DA:5347,0
DA:5348,0
DA:5349,0
DA:5350,0
DA:5351,0
DA:5352,0
DA:5356,0
DA:5360,0
DA:5361,0
DA:5362,0
DA:5363,0
DA:5364,0
DA:5365,0
DA:5369,0
DA:5373,0
DA:5374,0
DA:5375,0
DA:5376,0
DA:5377,0
DA:5378,0
DA:5382,0
DA:5386,0
DA:5387,0
DA:5388,0
DA:5389,0
DA:5390,0
DA:5394,0
DA:5399,0
DA:5400,0
DA:5401,0
DA:5409,0
DA:5413,0
DA:5414,0
DA:5415,0
DA:5417,0
DA:5425,0
DA:5429,0
DA:5430,0
DA:5439,0
DA:5443,0
DA:5444,0
DA:5445,0
DA:5447,0
DA:5450,1
DA:5451,1
DA:5478,1
DA:5480,0
DA:5481,0
DA:5482,0
DA:5483,0
DA:5484,0
DA:5485,0
DA:5486,0
DA:5487,0
DA:5490,1
DA:5492,2
DA:5493,2
DA:5494,1
DA:5497,1
DA:5498,1
DA:5501,1
DA:5502,2
DA:5503,1
DA:5505,1
DA:5508,0
DA:5511,0
DA:5514,1
DA:5515,1
DA:5520,1
DA:5522,1
DA:5523,1
DA:5526,1
DA:5529,2
DA:5534,0
DA:5535,0
DA:5540,0
DA:5541,0
DA:5544,1
DA:5546,1
DA:5549,1
DA:5550,1
DA:5553,1
DA:5555,1
DA:5556,0
DA:5560,0
DA:5564,1
DA:5565,1
DA:5568,1
DA:5571,2
DA:5574,1
DA:5576,1
DA:5579,1
DA:5581,1
DA:5584,1
DA:5586,1
DA:5587,1
DA:5590,1
DA:5593,1
DA:5596,1
DA:5598,4
DA:5599,1
DA:5603,0
DA:5605,0
DA:5609,0
DA:5610,0
DA:5617,0
DA:5619,0
DA:5621,0
DA:5623,0
DA:5625,0
DA:5627,0
DA:5629,0
DA:5631,0
DA:5635,0
DA:5636,0
DA:5638,0
DA:5639,0
DA:5641,0
DA:5642,0
DA:5644,0
DA:5647,0
DA:5650,0
DA:5651,0
DA:5653,0
DA:5654,0
DA:5655,0
DA:5656,0
DA:5657,0
DA:5662,0
DA:5666,0
DA:5668,0
DA:5671,0
DA:5674,0
DA:5677,0
DA:5679,0
DA:5692,0
DA:5698,0
DA:5699,0
DA:5703,0
DA:5705,0
DA:5707,0
DA:5709,0
DA:5712,0
DA:5714,0
DA:5716,0
DA:5717,0
DA:5719,0
DA:5721,0
DA:5724,0
DA:5725,0
DA:5727,0
DA:5728,0
DA:5729,0
DA:5730,0
DA:5731,0
DA:5736,0
DA:5740,0
DA:5742,0
DA:5751,0
DA:5753,0
DA:5756,0
DA:5759,0
DA:5761,0
DA:5763,0
DA:5764,0
DA:5766,0
DA:5768,0
DA:5773,0
DA:5775,0
DA:5777,0
DA:5780,0
DA:5782,0
DA:5785,0
DA:5803,0
DA:5809,0
DA:5812,0
DA:5813,0
DA:5815,0
DA:5816,0
DA:5818,0
DA:5820,0
DA:5822,0
DA:5824,0
DA:5828,0
DA:5830,0
DA:5833,0
DA:5835,0
DA:5838,0
DA:5839,0
DA:5841,0
DA:5843,0
DA:5845,0
DA:5848,0
DA:5849,0
DA:5851,0
DA:5966,1
DA:5975,0
DA:5978,1
DA:5980,1
DA:5981,1
DA:5982,1
DA:5983,1
DA:5984,1
DA:5985,1
DA:5986,1
DA:5987,1
DA:5988,1
DA:5989,1
DA:5990,1
DA:5994,1
DA:5997,0
DA:5999,0
DA:6001,1
DA:6003,1
DA:6004,1
DA:6007,1
DA:6008,1
DA:6011,0
DA:6013,0
DA:6014,0
DA:6015,0
DA:6016,0
DA:6017,0
DA:6018,0
DA:6021,0
DA:6023,0
DA:6024,0
DA:6027,1
DA:6028,1
DA:6053,1
DA:6054,1
DA:6055,1
DA:6058,1
DA:6061,1
DA:6064,1
DA:6065,1
DA:6067,1
DA:6069,3
DA:6072,1
DA:6073,1
DA:6076,1
DA:6077,1
DA:6080,0
DA:6081,0
DA:6083,1
DA:6084,2
DA:6086,1
DA:6087,2
DA:6089,0
DA:6091,0
DA:6092,0
DA:6095,0
DA:6098,1
DA:6100,1
DA:6101,0
DA:6106,1
DA:6107,1
DA:6110,1
DA:6113,1
DA:6114,2
DA:6117,1
DA:6119,2
DA:6122,0
DA:6125,1
DA:6127,1
DA:6128,1
DA:6131,1
DA:6132,1
DA:6135,0
DA:6137,0
DA:6139,0
DA:6140,0
DA:6142,0
DA:6145,0
DA:6147,0
DA:6148,0
DA:6151,0
DA:6152,0
DA:6155,1
DA:6157,2
DA:6161,1
DA:6162,2
DA:6165,1
DA:6166,2
DA:6167,1
DA:6168,1
DA:6169,1
DA:6170,1
DA:6171,1
DA:6172,1
DA:6173,1
DA:6174,1
DA:6175,1
DA:6183,1
DA:6184,3
DA:6187,1
DA:6188,3
DA:6190,1
DA:6191,1
DA:6193,1
DA:6194,2
DA:6195,2
DA:6196,1
DA:6197,1
DA:6198,1
DA:6203,2
DA:6207,1
DA:6209,1
DA:6212,1
DA:6213,2
DA:6216,0
DA:6217,0
DA:6220,1
DA:6221,2
DA:6224,1
DA:6225,2
DA:6228,1
DA:6229,2
DA:6232,0
DA:6233,0
DA:6236,0
DA:6237,0
DA:6240,1
DA:6241,2
DA:6244,1
DA:6245,2
DA:6248,0
DA:6250,0
DA:6253,0
DA:6258,0
DA:6262,0
DA:6263,0
DA:6266,1
DA:6268,2
DA:6271,0
DA:6273,0
DA:6276,0
DA:6278,0
DA:6279,0
DA:6280,0
DA:6283,0
DA:6285,0
DA:6288,0
DA:6290,0
DA:6293,0
DA:6295,0
DA:6298,0
DA:6300,0
DA:6303,0
DA:6305,0
DA:6308,0
DA:6310,0
DA:6313,0
DA:6315,0
DA:6318,0
DA:6320,0
DA:6323,0
DA:6329,1
DA:6330,1
DA:6331,2
DA:6332,1
DA:6333,2
DA:6342,0
DA:6343,0
DA:6344,0
DA:6345,0
DA:6349,1
DA:6353,1
DA:6356,1
DA:6358,1
DA:6361,1
DA:6363,2
DA:6364,1
DA:6368,1
DA:6372,4
DA:6383,1
DA:6389,1
DA:6391,2
DA:6392,1
DA:6457,1
DA:6461,2
DA:6463,0
DA:6465,0
DA:6468,1
DA:6469,3
DA:6472,0
DA:6474,0
DA:6475,0
DA:6476,0
DA:6477,0
DA:6478,0
DA:6479,0
DA:6480,0
DA:6481,0
DA:6482,0
DA:6483,0
DA:6484,0
DA:6488,1
DA:6489,1
DA:6493,1
DA:6494,2
DA:6495,1
DA:6497,1
DA:6500,1
DA:6501,1
DA:6503,1
DA:6504,1
DA:6506,1
DA:6508,1
DA:6511,1
DA:6513,1
DA:6516,1
DA:6521,1
DA:6522,1
DA:6526,1
DA:6527,1
DA:6528,0
DA:6530,1
DA:6533,1
DA:6534,1
DA:6536,1
DA:6537,1
DA:6542,1
DA:6543,2
DA:6544,1
DA:6546,1
DA:6549,1
DA:6550,1
DA:6552,1
DA:6553,1
DA:6556,1
DA:6557,2
DA:6558,1
DA:6560,1
DA:6563,1
DA:6564,1
DA:6566,1
DA:6567,1
DA:6572,1
DA:6573,2
DA:6574,1
DA:6576,1
DA:6579,0
DA:6581,0
DA:6583,1
DA:6584,1
DA:6586,1
DA:6587,2
DA:6588,1
DA:6590,1
DA:6593,1
DA:6594,2
DA:6596,0
DA:6597,0
DA:6599,0
DA:6601,0
DA:6602,0
DA:6603,0
DA:6604,0
DA:6605,0
DA:6608,0
DA:6612,1
DA:6613,1
DA:6614,1
DA:6617,1
DA:6618,2
DA:6619,1
DA:6621,1
DA:6624,0
DA:6626,0
DA:6628,1
DA:6629,1
DA:6632,1
DA:6636,1
DA:6637,1
DA:6638,1
DA:6641,1
DA:6642,2
DA:6643,1
DA:6645,1
DA:6648,1
DA:6650,2
DA:6652,1
DA:6653,1
DA:6656,0
DA:6657,0
DA:6659,1
DA:6660,1
DA:6664,1
DA:6665,1
DA:6666,0
DA:6668,1
DA:6671,1
DA:6672,1
DA:6674,0
DA:6677,1
DA:6680,1
DA:6682,2
DA:6683,1
DA:6684,2
DA:6687,1
DA:6689,2
DA:6693,3
DA:6697,0
DA:6700,0
DA:6701,0
DA:6704,2
DA:6706,1
DA:6707,2
DA:6708,1
DA:6709,2
DA:6710,2
DA:6713,1
DA:6716,1
DA:6718,2
DA:6721,1
DA:6723,2
DA:6724,1
DA:6725,1
DA:6726,0
DA:6731,1
DA:6733,2
DA:6736,0
DA:6737,0
DA:6739,1
DA:6740,1
DA:6742,1
DA:6743,1
DA:6744,0
DA:6746,1
DA:6749,1
DA:6750,1
DA:6755,1
DA:6756,2
DA:6757,1
DA:6759,1
DA:6762,1
DA:6764,1
DA:6766,1
DA:6767,1
DA:6771,1
DA:6772,2
DA:6773,1
DA:6775,1
DA:6778,0
DA:6780,0
DA:6782,1
DA:6784,4
DA:6785,1
DA:6788,0
DA:6790,0
DA:6791,0
DA:6794,1
DA:6796,4
DA:6797,1
DA:6800,1
DA:6802,4
DA:6803,1
DA:6806,1
DA:6808,4
DA:6809,1
DA:6812,1
DA:6814,4
DA:6815,1
DA:6818,0
DA:6820,0
DA:6821,0
DA:6824,0
DA:6826,0
DA:6827,0
DA:6830,1
DA:6832,4
DA:6833,1
DA:6836,1
DA:6838,4
DA:6839,1
DA:6842,0
DA:6844,0
DA:6857,0
DA:6858,0
DA:6859,0
DA:6860,0
DA:6861,0
DA:6863,0
DA:6864,0
DA:6865,0
DA:6866,0
DA:6869,0
DA:6870,0
DA:6878,0
DA:6879,0
DA:6880,0
DA:6881,0
DA:6882,0
DA:6883,0
DA:6894,0
DA:6895,0
DA:6896,0
DA:6897,0
DA:6898,0
DA:6902,0
DA:6904,0
DA:6910,0
DA:6911,0
DA:6912,0
DA:6913,0
DA:6917,1
DA:6919,2
DA:6920,2
DA:6922,1
DA:6925,1
DA:6944,1
DA:6952,0
DA:6954,0
DA:6955,0
DA:6960,0
DA:6962,0
DA:6963,0
DA:6964,0
DA:6965,0
DA:6966,0
DA:6967,0
DA:6968,0
DA:6971,0
DA:6980,1
DA:6982,1
DA:6983,2
DA:6986,1
DA:6989,2
DA:6990,1
DA:6991,1
DA:6992,3
DA:6993,2
DA:6995,2
DA:6996,3
DA:7006,0
DA:7008,0
DA:7009,0
DA:7011,0
DA:7015,0
DA:7017,0
DA:7019,0
DA:7020,0
DA:7022,0
DA:7024,0
DA:7025,0
DA:7026,0
DA:7028,0
DA:7030,0
DA:7032,0
DA:7034,0
DA:7036,0
DA:7040,0
DA:7041,0
DA:7043,0
DA:7044,0
DA:7046,0
DA:7047,0
DA:7049,0
DA:7052,0
DA:7053,0
DA:7055,0
DA:7056,0
DA:7058,0
DA:7059,0
DA:7061,0
DA:7063,0
DA:7065,0
DA:7066,0
DA:7068,0
DA:7069,0
DA:7071,0
DA:7073,0
DA:7074,0
DA:7075,0
DA:7077,0
DA:7078,0
DA:7081,0
DA:7083,0
DA:7100,0
DA:7102,0
DA:7104,0
DA:7106,0
DA:7107,0
DA:7108,0
DA:7118,0
DA:7120,0
DA:7123,0
DA:7126,0
DA:7127,0
DA:7129,0
DA:7131,0
DA:7134,0
DA:7135,0
DA:7137,0
DA:7138,0
DA:7140,0
DA:7141,0
DA:7143,0
DA:7144,0
DA:7146,0
DA:7147,0
DA:7149,0
DA:7150,0
DA:7152,0
DA:7154,0
DA:7157,0
DA:7158,0
DA:7160,0
DA:7162,0
DA:7164,0
DA:7165,0
DA:7167,0
DA:7169,0
DA:7170,0
DA:7173,0
DA:7174,0
DA:7176,0
DA:7178,0
DA:7181,0
DA:7182,0
DA:7205,0
DA:7207,0
DA:7210,0
DA:7211,0
DA:7213,0
DA:7214,0
DA:7216,0
DA:7217,0
DA:7220,0
DA:7222,0
DA:7225,0
DA:7227,0
DA:7230,0
DA:7233,0
DA:7234,0
DA:7236,0
DA:7237,0
DA:7239,0
DA:7241,0
DA:7243,0
DA:7245,0
DA:7247,0
DA:7250,0
DA:7265,1
DA:7267,0
DA:7269,0
DA:7270,0
DA:7271,0
DA:7272,0
DA:7279,0
DA:7281,0
DA:7282,0
DA:7283,0
DA:7284,0
DA:7291,1
DA:7293,3
DA:7296,0
DA:7298,0
DA:7299,0
DA:7300,0
DA:7301,0
DA:7308,0
DA:7310,0
DA:7311,0
DA:7312,0
DA:7313,0
DA:7320,0
DA:7322,0
DA:7323,0
DA:7324,0
DA:7325,0
DA:7332,0
DA:7334,0
DA:7335,0
DA:7336,0
DA:7337,0
DA:7344,0
DA:7346,0
DA:7347,0
DA:7348,0
DA:7349,0
DA:7356,0
DA:7358,0
DA:7359,0
DA:7360,0
DA:7361,0
DA:7368,0
DA:7370,0
DA:7371,0
DA:7372,0
DA:7373,0
DA:7380,0
DA:7382,0
DA:7383,0
DA:7384,0
DA:7385,0
DA:7392,0
DA:7394,0
DA:7395,0
DA:7396,0
DA:7397,0
DA:7404,0
DA:7406,0
DA:7407,0
DA:7408,0
DA:7409,0
DA:7416,0
DA:7418,0
DA:7419,0
DA:7420,0
DA:7421,0
DA:7428,0
DA:7430,0
DA:7431,0
DA:7432,0
DA:7433,0
DA:7440,0
DA:7442,0
DA:7443,0
DA:7444,0
DA:7445,0
DA:7452,0
DA:7454,0
DA:7455,0
DA:7456,0
DA:7457,0
DA:7464,0
DA:7466,0
DA:7467,0
DA:7468,0
DA:7469,0
DA:7476,0
DA:7478,0
DA:7483,0
DA:7484,0
DA:7485,0
DA:7486,0
DA:7487,0
DA:7494,0
DA:7496,0
DA:7497,0
DA:7498,0
DA:7499,0
DA:7506,0
DA:7508,0
DA:7509,0
DA:7510,0
DA:7511,0
DA:7518,0
DA:7520,0
DA:7521,0
DA:7522,0
DA:7523,0
DA:7530,0
DA:7532,0
DA:7533,0
DA:7534,0
DA:7535,0
DA:7542,0
DA:7544,0
DA:7545,0
DA:7546,0
DA:7547,0
DA:7554,0
DA:7556,0
DA:7557,0
DA:7558,0
DA:7559,0
DA:7566,0
DA:7568,0
DA:7569,0
DA:7570,0
DA:7571,0
DA:7578,0
DA:7580,0
DA:7581,0
DA:7582,0
DA:7583,0
DA:7590,0
DA:7592,0
DA:7593,0
DA:7594,0
DA:7595,0
DA:7602,0
DA:7604,0
DA:7605,0
DA:7606,0
DA:7607,0
DA:7614,0
DA:7616,0
DA:7617,0
DA:7618,0
DA:7619,0
DA:7626,1
DA:7627,1
DA:7631,1
DA:7632,1
DA:7635,1
DA:7639,4
DA:7640,2
DA:7641,1
DA:7642,0
DA:7643,1
DA:7644,0
DA:7648,1
DA:7649,1
DA:7679,1
DA:7684,2
DA:7685,2
DA:7688,1
DA:7691,0
DA:7693,0
DA:7696,1
DA:7698,3
DA:7700,0
DA:7702,0
DA:7704,1
DA:7706,1
DA:7708,1
DA:7710,1
DA:7712,1
DA:7716,0
DA:7717,0
DA:7719,1
DA:7722,0
DA:7724,0
DA:7727,1
DA:7729,4
DA:7732,1
DA:7735,1
DA:7737,1
DA:7782,1
DA:7784,0
DA:7787,1
DA:7789,1
DA:7790,1
DA:7796,1
DA:7798,1
DA:7801,1
DA:7803,1
DA:7806,1
DA:7807,1
DA:7810,0
DA:7812,0
DA:7813,0
DA:7816,0
DA:7817,0
DA:7818,0
DA:7819,0
DA:7820,0
DA:7823,1
DA:7826,1
DA:7828,4
DA:7831,1
DA:7834,0
DA:7835,0
DA:7836,0
DA:7837,0
DA:7848,0
DA:7849,0
DA:7850,0
DA:7853,0
DA:7855,0
DA:7857,0
DA:7859,0
DA:7861,0
DA:7865,0
DA:7866,0
DA:7868,0
DA:7870,0
DA:7876,0
DA:7878,0
DA:7880,0
DA:7883,0
DA:7885,0
DA:7888,0
DA:7906,0
DA:7908,0
DA:7910,0
DA:7911,0
DA:7914,0
DA:7916,0
DA:7919,0
DA:7922,0
DA:7925,0
DA:7927,0
DA:7930,0
DA:7932,0
DA:7934,0
DA:7936,0
DA:7938,0
DA:7940,0
DA:7941,0
DA:7944,0
DA:7947,0
DA:7950,0
DA:7953,0
DA:7955,0
DA:7958,0
DA:7959,0
DA:7960,0
DA:7961,0
DA:7964,0
DA:7966,0
DA:8112,0
DA:8118,0
DA:8121,0
DA:8124,0
DA:8125,0
DA:8127,0
DA:8130,0
DA:8132,0
DA:8134,0
DA:8136,0
DA:8139,0
DA:8142,0
DA:8145,0
DA:8148,0
DA:8150,0
DA:8152,0
DA:8155,0
DA:8156,0
DA:8158,0
DA:8161,0
DA:8162,0
DA:8164,0
DA:8166,0
DA:8169,0
DA:8174,0
DA:8175,0
DA:8176,0
DA:8178,0
DA:8179,0
DA:8182,0
DA:8184,0
DA:8185,0
DA:8192,0
DA:8197,0
DA:8202,0
DA:8204,0
DA:8206,0
DA:8207,0
DA:8209,0
DA:8213,0
DA:8217,0
DA:8218,0
DA:8219,0
DA:8220,0
DA:8223,0
DA:8225,0
DA:8226,0
DA:8235,0
DA:8237,0
DA:8238,0
DA:8240,0
DA:8241,0
DA:8243,0
DA:8244,0
DA:8246,0
DA:8247,0
DA:8249,0
DA:8252,0
DA:8255,0
DA:8258,0
DA:8265,3
DA:8267,1
DA:8269,0
DA:8272,0
DA:8275,0
DA:8277,0
DA:8279,0
DA:8280,0
DA:8282,0
DA:8284,0
DA:8287,0
DA:8290,0
DA:8293,0
DA:8296,0
DA:8298,0
DA:8301,0
DA:8303,0
DA:8305,1
DA:8308,0
DA:8313,0
DA:8315,0
DA:8316,0
DA:8317,0
DA:8319,0
DA:8320,0
DA:8321,0
DA:8329,0
DA:8338,0
DA:8339,0
DA:8342,0
DA:8345,0
DA:8346,0
DA:8348,0
DA:8351,0
DA:8354,0
DA:8357,0
DA:8360,0
DA:8362,0
DA:8364,0
DA:8367,0
DA:8370,0
DA:8373,0
DA:8376,0
DA:8379,0
DA:8381,0
DA:8382,0
DA:8383,0
DA:8385,0
DA:8386,0
DA:8387,0
DA:8397,1
DA:8399,1
DA:8404,1
DA:8407,1
DA:8408,1
DA:8412,1
DA:8413,1
DA:8441,6
DA:8449,0
DA:8456,3
DA:8459,3
DA:8464,0
DA:8473,0
DA:8480,3
DA:8483,3
DA:8507,0
DA:8512,0
DA:8513,0
DA:8518,0
DA:8519,0
DA:8520,0
DA:8521,0
DA:8522,0
DA:8528,1
DA:8530,0
DA:8532,0
DA:8533,0
DA:8541,0
DA:8543,0
DA:8545,0
DA:8547,0
DA:8549,0
DA:8551,0
DA:8553,0
DA:8555,0
DA:8561,0
DA:8565,0
DA:8566,0
DA:8568,0
DA:8570,0
DA:8574,0
DA:8575,0
DA:8578,0
DA:8580,0
DA:8582,0
DA:8585,0
DA:8586,0
DA:8587,0
DA:8588,0
DA:8590,0
DA:8604,0
DA:8609,0
DA:8611,0
DA:8613,0
DA:8614,0
DA:8616,0
DA:8618,0
DA:8620,0
DA:8622,0
DA:8625,0
DA:8626,0
DA:8642,1
DA:8644,2
DA:8647,0
DA:8650,0
DA:8652,0
DA:8654,0
DA:8656,0
DA:8658,0
DA:8660,0
DA:8662,0
DA:8666,1
DA:8668,3
DA:8669,5
DA:8670,1
DA:8673,0
DA:8676,0
DA:8679,0
DA:8681,0
DA:8684,1
DA:8685,2
DA:8687,1
DA:8689,3
DA:8691,1
DA:8694,1
DA:8695,1
DA:8698,0
DA:8700,0
DA:8703,0
DA:8704,0
DA:8705,0
DA:8706,0
DA:8709,0
DA:8714,0
DA:8718,0
DA:8719,0
DA:8722,0
DA:8751,1
DA:8758,0
DA:8761,0
DA:8762,0
DA:8783,0
DA:8786,1
DA:8787,3
DA:8789,0
DA:8791,0
DA:8796,0
DA:8797,0
DA:8799,0
DA:8801,0
DA:8804,1
DA:8805,2
DA:8807,1
DA:8810,0
DA:8812,0
DA:8815,1
DA:8818,1
DA:8819,1
DA:8847,1
DA:8854,0
DA:8856,0
DA:8857,0
DA:8858,0
DA:8859,0
DA:8860,0
DA:8863,0
DA:8869,1
DA:8871,1
DA:8872,1
DA:8874,1
DA:8877,0
DA:8880,0
DA:8882,0
DA:8883,0
DA:8884,0
DA:8888,1
DA:8889,1
DA:8892,1
DA:8894,1
DA:8900,1
DA:8902,1
DA:8903,1
DA:8906,1
DA:8908,1
DA:8909,2
DA:8910,1
DA:8911,0
DA:8913,2
DA:8915,1
DA:8918,0
DA:8920,0
DA:8922,0
DA:8952,0
DA:8954,0
DA:8956,0
DA:8958,0
DA:8960,0
DA:8964,1
DA:8966,4
DA:8969,0
DA:8971,0
DA:8972,0
DA:8974,0
DA:8978,0
DA:8987,0
DA:8988,0
DA:9037,1
DA:9041,1
DA:9044,0
DA:9050,1
DA:9051,1
DA:9054,1
DA:9055,1
DA:9059,1
DA:9060,0
DA:9063,1
DA:9066,0
DA:9069,1
DA:9071,1
DA:9074,1
DA:9076,2
DA:9079,0
DA:9081,0
DA:9083,0
DA:9084,0
DA:9087,1
DA:9088,1
DA:9091,1
DA:9093,1
DA:9094,2
DA:9096,1
DA:9097,2
DA:9098,0
DA:9100,2
DA:9101,2
DA:9102,2
DA:9105,0
DA:9109,2
DA:9110,1
DA:9112,2
DA:9113,1
DA:9114,2
DA:9116,2
DA:9117,0
DA:9118,0
DA:9119,0
DA:9120,0
DA:9121,0
DA:9122,0
DA:9123,0
DA:9124,0
DA:9128,1
DA:9129,1
DA:9156,1
DA:9157,2
DA:9158,1
DA:9160,1
DA:9161,1
DA:9165,0
DA:9168,0
DA:9170,0
DA:9173,1
DA:9174,3
DA:9176,0
DA:9178,0
DA:9180,1
DA:9182,1
DA:9184,1
DA:9186,1
DA:9188,1
DA:9192,0
DA:9195,0
DA:9197,0
DA:9200,1
DA:9202,1
DA:9203,1
DA:9208,0
DA:9210,0
DA:9212,0
DA:9213,0
DA:9215,0
DA:9218,1
DA:9220,1
DA:9221,0
DA:9223,1
DA:9226,0
DA:9227,0
DA:9230,1
DA:9232,1
DA:9247,1
DA:9249,0
DA:9251,1
DA:9254,1
DA:9257,0
DA:9259,0
DA:9260,0
DA:9265,1
DA:9266,2
DA:9269,0
DA:9270,0
DA:9271,0
DA:9272,0
DA:9287,0
DA:9289,0
DA:9290,0
DA:9291,0
DA:9292,0
DA:9293,0
DA:9294,0
DA:9296,0
DA:9298,0
DA:9304,0
DA:9306,0
DA:9308,0
DA:9310,0
DA:9312,0
DA:9314,0
DA:9316,0
DA:9318,0
DA:9322,0
DA:9324,0
DA:9328,0
DA:9329,0
DA:9330,0
DA:9331,0
DA:9332,0
DA:9353,0
DA:9360,0
DA:9362,0
DA:9366,0
DA:9369,0
DA:9372,0
DA:9374,0
DA:9376,0
DA:9378,0
DA:9380,0
DA:9382,0
DA:9383,0
DA:9384,0
DA:9386,0
DA:9387,0
DA:9388,0
DA:9389,0
DA:9392,0
DA:9394,0
DA:9395,0
DA:9396,0
DA:9405,0
DA:9406,0
DA:9407,0
DA:9408,0
DA:9409,0
DA:9412,0
DA:9415,0
DA:9435,1
DA:9436,2
DA:9437,2
DA:9440,0
DA:9443,1
DA:9445,2
DA:9448,0
DA:9450,0
DA:9452,1
DA:9454,1
DA:9456,1
DA:9458,1
DA:9460,1
DA:9464,0
DA:9466,0
DA:9469,0
DA:9471,0
DA:9474,0
DA:9477,0
DA:9479,0
DA:9482,0
DA:9484,0
DA:9487,1
DA:9488,2
DA:9490,1
DA:9492,1
DA:9509,1
DA:9514,1
DA:9516,1
DA:9518,1
DA:9521,0
DA:9522,0
DA:9523,0
DA:9524,0
DA:9540,1
DA:9541,2
DA:9542,2
DA:9545,0
DA:9548,1
DA:9549,2
DA:9551,0
DA:9553,0
DA:9555,1
DA:9557,1
DA:9559,1
DA:9561,1
DA:9563,1
DA:9567,0
DA:9568,0
DA:9570,1
DA:9571,2
DA:9573,0
DA:9574,0
DA:9576,0
DA:9577,0
DA:9579,0
DA:9580,0
DA:9582,0
DA:9583,0
DA:9585,0
DA:9588,0
DA:9590,0
DA:9593,1
DA:9594,2
DA:9596,0
DA:9597,0
DA:9599,1
DA:9601,1
DA:9604,0
DA:9605,0
DA:9616,1
DA:9621,1
DA:9623,1
DA:9624,1
DA:9627,0
DA:9630,0
DA:9631,0
DA:9634,0
DA:9637,0
DA:9640,0
DA:9641,0
DA:9643,0
DA:9644,0
DA:9646,1
DA:9648,1
DA:9649,1
DA:9652,1
DA:9654,1
DA:9656,0
DA:9658,0
DA:9660,0
DA:9661,0
DA:9662,0
DA:9663,0
DA:9680,1
DA:9681,2
DA:9682,2
DA:9685,0
DA:9687,0
DA:9688,0
DA:9689,0
DA:9690,0
DA:9691,0
DA:9696,1
DA:9697,2
DA:9699,1
DA:9700,2
DA:9704,3
DA:9706,0
DA:9709,1
DA:9711,2
DA:9713,0
DA:9715,0
DA:9717,1
DA:9719,1
DA:9721,1
DA:9723,1
DA:9725,1
DA:9731,0
DA:9732,0
DA:9733,0
DA:9736,0
DA:9737,0
DA:9738,0
DA:9739,0
DA:9740,0
DA:9743,0
DA:9744,0
DA:9746,0
DA:9747,0
DA:9748,0
DA:9749,0
DA:9752,0
DA:9753,0
DA:9754,0
DA:9761,1
DA:9762,2
DA:9764,1
DA:9765,2
DA:9766,1
DA:9770,0
DA:9773,1
DA:9775,2
DA:9778,1
DA:9779,2
DA:9781,1
DA:9783,2
DA:9784,1
DA:9785,1
DA:9787,1
DA:9789,1
DA:9792,0
DA:9797,0
DA:9798,0
DA:9803,1
DA:9807,2
DA:9808,0
DA:9809,0
DA:9811,0
DA:9815,2
DA:9816,2
DA:9819,2
DA:9823,1
DA:9824,0
DA:9825,0
DA:9826,0
DA:9827,0
DA:9829,0
DA:9834,1
DA:9835,0
DA:9836,0
DA:9837,0
DA:9839,0
DA:9844,1
DA:9845,0
DA:9846,0
DA:9847,0
DA:9849,0
DA:9854,1
DA:9855,0
DA:9856,0
DA:9858,0
DA:9864,1
DA:9868,0
DA:9869,0
DA:9872,0
DA:9911,1
DA:9917,1
DA:9918,1
DA:9919,1
DA:9922,1
DA:9923,1
DA:9924,1
DA:9932,1
DA:9933,1
DA:9934,1
DA:9937,1
DA:9940,1
DA:9944,2
DA:9946,0
DA:9949,0
DA:9950,0
DA:9952,1
DA:9954,1
DA:9956,1
DA:9958,1
DA:9960,1
DA:9962,1
DA:9965,1
DA:9966,1
DA:9969,0
DA:9971,0
DA:9978,1
DA:9980,1
DA:9981,1
DA:9984,1
DA:9985,1
DA:9987,0
DA:9988,0
DA:9989,0
DA:9990,0
DA:9993,0
DA:9995,0
DA:10014,1
DA:10015,1
DA:10017,1
DA:10018,1
DA:10022,0
DA:10025,1
DA:10026,2
DA:10028,0
DA:10029,0
DA:10032,0
DA:10033,0
DA:10038,3
DA:10040,0
DA:10042,0
DA:10044,0
DA:10046,0
DA:10048,0
DA:10052,3
DA:10054,0
DA:10057,0
DA:10058,0
DA:10060,3
DA:10062,1
DA:10063,2
DA:10066,1
DA:10067,2
DA:10069,1
DA:10071,1
DA:10074,0
DA:10076,0
DA:10079,1
DA:10083,1
DA:10089,1
DA:10091,1
DA:10092,0
DA:10126,1
DA:10130,1
DA:10131,2
DA:10132,1
DA:10139,1
DA:10140,1
DA:10143,1
DA:10146,1
DA:10147,1
DA:10148,1
DA:10149,0
DA:10154,0
DA:10157,0
DA:10160,0
DA:10161,0
DA:10163,1
DA:10165,1
DA:10166,1
DA:10169,1
DA:10172,0
DA:10176,1
DA:10178,1
DA:10182,1
DA:10183,1
DA:10186,1
DA:10187,1
DA:10189,1
DA:10190,1
DA:10193,0
DA:10196,0
DA:10198,0
DA:10202,0
DA:10204,0
DA:10207,0
DA:10209,0
DA:10211,1
DA:10215,1
DA:10216,1
DA:10218,1
DA:10222,1
DA:10223,1
DA:10226,2
DA:10228,0
DA:10230,0
DA:10234,0
DA:10235,0
DA:10236,0
DA:10241,0
DA:10243,0
DA:10244,0
DA:10245,0
DA:10247,0
DA:10248,0
DA:10249,0
DA:10253,0
DA:10254,0
DA:10256,0
DA:10261,0
DA:10262,0
DA:10267,0
DA:10268,0
DA:10269,0
DA:10270,0
DA:10281,1
DA:10284,2
DA:10307,0
DA:10309,3
DA:10310,3
DA:10312,0
DA:10314,0
DA:10320,4
DA:10321,4
DA:10322,4
DA:10325,4
DA:10326,8
DA:10327,4
DA:10329,4
DA:10332,3
DA:10334,6
DA:10336,3
DA:10337,3
DA:10354,1
DA:10356,1
DA:10360,3
DA:10361,2
DA:10362,2
DA:10372,1
DA:10373,1
DA:10376,1
DA:10378,1
DA:10379,0
DA:10441,1
DA:10450,1
DA:10452,0
DA:10455,0
DA:10456,0
DA:10465,0
DA:10469,0
DA:10470,0
DA:10473,1
DA:10475,1
DA:10479,1
DA:10480,1
DA:10483,1
DA:10485,1
DA:10489,1
DA:10490,1
DA:10493,1
DA:10495,1
DA:10499,1
DA:10500,1
DA:10503,0
DA:10507,1
DA:10508,1
DA:10511,1
DA:10513,1
DA:10517,1
DA:10518,1
DA:10522,1
DA:10523,1
DA:10526,1
DA:10527,1
DA:10529,1
DA:10530,1
DA:10533,1
DA:10534,1
DA:10536,1
DA:10537,1
DA:10539,1
DA:10540,1
DA:10543,0
DA:10545,0
DA:10548,0
DA:10553,0
DA:10554,0
DA:10556,0
DA:10557,0
DA:10559,0
DA:10560,0
DA:10564,0
DA:10568,0
DA:10576,1
DA:10585,2
DA:10588,2
DA:10589,2
DA:10591,2
DA:10594,0
DA:10595,0
DA:10597,0
DA:10598,0
DA:10609,0
DA:10611,8
DA:10613,8
DA:10614,8
DA:10615,16
DA:10617,0
DA:10618,0
DA:10621,8
DA:10622,0
DA:10629,2
DA:10632,4
DA:10635,0
DA:10637,0
DA:10645,2
DA:10646,2
DA:10647,4
DA:10648,4
DA:10649,4
DA:10650,4
DA:10651,4
DA:10652,4
DA:10661,1
DA:10663,2
LF:3675
LH:1553
end_of_record
SF:/Users/scheglov/Source/Dart/sdk.git/sdk/pkg/analyzer/lib/dart/element/element.dart
DA:1082,1
DA:1084,0
DA:1085,0
DA:1087,0
DA:1088,0
DA:2687,1
DA:2690,0
DA:2691,0
LF:8
LH:2
end_of_record
SF:/Users/scheglov/Source/Dart/sdk.git/sdk/pkg/analyzer/lib/src/dart/element/field_name_non_promotability_info.dart
DA:32,1
LF:1
LH:1
end_of_record
SF:/Users/scheglov/Source/Dart/sdk.git/sdk/pkg/analyzer/lib/src/dart/element/member.dart
DA:27,1
DA:30,1
DA:32,1
DA:33,1
DA:35,1
DA:37,1
DA:39,0
DA:40,0
DA:42,0
DA:43,0
DA:45,0
DA:47,0
DA:49,0
DA:50,0
DA:52,0
DA:54,0
DA:56,0
DA:58,0
DA:60,0
DA:64,0
DA:65,0
DA:67,0
DA:68,0
DA:70,0
DA:71,0
DA:73,0
DA:74,0
DA:76,0
DA:77,0
DA:79,0
DA:81,0
DA:84,0
DA:85,0
DA:87,0
DA:88,0
DA:90,0
DA:92,0
DA:93,0
DA:96,0
DA:98,0
DA:101,0
DA:103,0
DA:104,0
DA:107,0
DA:108,0
DA:110,0
DA:111,0
DA:112,0
DA:115,0
DA:117,0
DA:120,1
DA:121,2
DA:123,0
DA:125,0
DA:128,0
DA:130,0
DA:133,0
DA:137,0
DA:139,0
DA:140,0
DA:141,0
DA:142,0
DA:143,0
DA:145,0
DA:146,0
DA:147,0
DA:150,0
DA:159,0
DA:163,0
DA:167,0
DA:169,0
DA:178,1
DA:182,2
DA:186,1
DA:187,1
DA:188,1
DA:209,1
DA:215,0
DA:217,0
DA:220,0
DA:222,0
DA:224,0
DA:225,0
DA:227,1
DA:228,2
DA:230,0
DA:232,0
DA:234,1
DA:236,5
DA:238,0
DA:240,0
DA:242,0
DA:244,0
DA:246,0
DA:250,0
DA:251,0
DA:253,0
DA:254,0
DA:256,0
DA:257,0
DA:259,0
DA:260,0
DA:262,0
DA:263,0
DA:265,0
DA:266,0
DA:268,0
DA:269,0
DA:271,0
DA:272,0
DA:274,0
DA:275,0
DA:277,0
DA:278,0
DA:280,0
DA:281,0
DA:283,0
DA:284,0
DA:286,0
DA:287,0
DA:289,0
DA:290,0
DA:292,0
DA:294,0
DA:296,0
DA:297,0
DA:299,0
DA:300,0
DA:302,0
DA:304,0
DA:306,1
DA:308,4
DA:310,1
DA:311,0
DA:313,0
DA:315,1
DA:316,0
DA:318,0
DA:321,1
DA:323,1
DA:326,1
DA:329,0
DA:331,0
DA:332,0
DA:336,1
DA:338,5
DA:341,0
DA:343,0
DA:345,0
DA:346,0
DA:348,0
DA:350,0
DA:353,0
DA:358,0
DA:362,0
DA:363,0
DA:366,0
DA:368,0
DA:370,0
DA:372,0
DA:374,0
DA:376,0
DA:378,0
DA:380,0
DA:381,0
DA:385,1
DA:389,3
DA:392,1
DA:402,1
DA:403,0
DA:405,0
DA:406,0
DA:407,0
DA:409,0
DA:412,1
DA:418,1
DA:419,0
DA:423,1
DA:424,1
DA:425,1
DA:426,1
DA:431,0
DA:440,0
DA:444,0
DA:445,0
DA:448,0
DA:450,0
DA:451,0
DA:455,0
DA:459,0
DA:461,0
DA:463,0
DA:466,0
DA:468,0
DA:473,0
DA:476,0
DA:477,0
DA:479,0
DA:480,0
DA:489,0
DA:494,0
DA:495,0
DA:497,0
DA:500,0
DA:502,0
DA:505,0
DA:506,0
DA:508,0
DA:509,0
DA:511,0
DA:512,0
DA:514,0
DA:516,0
DA:518,0
DA:519,0
DA:521,0
DA:523,0
DA:525,0
DA:527,0
DA:529,0
DA:533,0
DA:535,0
DA:539,0
DA:542,0
DA:543,0
DA:545,0
DA:546,0
DA:548,0
DA:549,0
DA:551,0
DA:552,0
DA:554,0
DA:555,0
DA:557,0
DA:558,0
DA:560,0
DA:561,0
DA:563,0
DA:564,0
DA:566,0
DA:567,0
DA:569,0
DA:571,0
DA:573,0
DA:574,0
DA:576,0
DA:577,0
DA:579,0
DA:581,0
DA:583,0
DA:585,0
DA:589,0
DA:592,0
DA:593,0
DA:595,0
DA:596,0
DA:598,0
DA:600,0
DA:603,0
DA:608,0
DA:614,0
DA:616,0
DA:619,0
DA:621,0
DA:624,0
DA:626,0
DA:629,0
DA:632,0
DA:636,0
DA:639,0
DA:640,0
DA:645,0
DA:649,0
DA:652,0
DA:660,1
DA:664,1
DA:666,0
DA:667,0
DA:669,0
DA:671,0
DA:675,0
DA:678,0
DA:679,0
DA:681,0
DA:683,0
DA:685,0
DA:687,0
DA:689,0
DA:693,0
DA:694,0
DA:696,0
DA:698,0
DA:700,0
DA:701,0
DA:703,0
DA:706,1
DA:708,2
DA:711,0
DA:713,0
DA:716,0
DA:721,0
DA:725,0
DA:729,0
DA:730,0
DA:745,1
DA:747,2
DA:748,0
DA:750,0
DA:757,0
DA:759,0
DA:761,0
DA:762,0
DA:764,0
DA:765,0
DA:767,0
DA:768,0
DA:770,0
DA:771,0
DA:773,0
DA:775,0
DA:777,0
DA:779,0
DA:781,0
DA:782,0
DA:784,0
DA:785,0
DA:787,0
DA:788,0
DA:790,0
DA:791,0
DA:793,1
DA:794,2
DA:796,0
DA:798,0
DA:800,0
DA:801,0
DA:803,0
DA:805,0
DA:807,0
DA:808,0
DA:810,0
DA:811,0
DA:813,0
DA:815,0
DA:817,0
DA:819,0
DA:821,0
DA:823,0
DA:825,0
DA:827,0
DA:829,0
DA:830,0
DA:832,0
DA:833,0
DA:840,0
DA:847,0
DA:851,0
DA:852,0
DA:855,0
DA:856,0
DA:859,0
DA:861,0
DA:869,1
DA:873,1
DA:874,1
DA:877,1
DA:879,1
DA:880,1
DA:884,1
DA:890,1
DA:891,1
DA:893,1
DA:894,1
DA:896,0
DA:897,0
DA:899,0
DA:901,0
DA:903,0
DA:905,0
DA:907,0
DA:911,0
DA:912,0
DA:914,0
DA:915,0
DA:917,0
DA:918,0
DA:920,0
DA:921,0
DA:923,1
DA:924,2
DA:926,0
DA:928,0
DA:931,0
DA:935,0
DA:937,0
DA:949,1
DA:953,1
DA:954,1
DA:957,1
DA:959,1
DA:960,1
DA:966,1
DA:972,0
DA:973,0
DA:975,0
DA:977,0
DA:980,0
DA:982,0
DA:985,1
DA:987,1
DA:989,0
DA:990,0
DA:992,0
DA:993,0
DA:995,0
DA:996,0
DA:998,0
DA:1000,0
DA:1002,0
DA:1003,0
DA:1005,0
DA:1007,0
DA:1009,0
DA:1011,0
DA:1013,0
DA:1015,0
DA:1017,0
DA:1021,0
DA:1022,0
DA:1024,1
DA:1025,2
DA:1027,0
DA:1028,0
DA:1030,0
DA:1031,0
DA:1033,0
DA:1034,0
DA:1036,0
DA:1037,0
DA:1039,0
DA:1040,0
DA:1042,0
DA:1044,0
DA:1046,0
DA:1047,0
DA:1049,0
DA:1050,0
DA:1052,0
DA:1053,0
DA:1055,0
DA:1057,0
DA:1059,1
DA:1062,2
DA:1065,0
DA:1067,0
DA:1068,0
DA:1069,0
DA:1074,0
DA:1075,0
DA:1077,0
DA:1078,0
DA:1080,0
DA:1081,0
DA:1083,0
DA:1084,0
DA:1086,0
DA:1088,0
DA:1091,0
DA:1093,0
DA:1096,0
DA:1101,0
DA:1107,0
DA:1109,0
DA:1111,0
DA:1113,0
DA:1116,0
DA:1118,0
DA:1121,0
DA:1123,0
DA:1126,0
DA:1132,0
DA:1134,0
DA:1136,0
DA:1137,0
DA:1138,0
DA:1140,0
DA:1145,0
DA:1149,0
DA:1152,0
DA:1158,0
DA:1160,0
DA:1162,0
DA:1163,0
DA:1164,0
DA:1166,0
DA:1171,0
DA:1175,0
DA:1176,0
DA:1188,1
DA:1192,1
DA:1193,1
DA:1196,1
DA:1197,1
DA:1199,1
DA:1200,1
DA:1203,0
DA:1205,0
DA:1206,0
DA:1211,1
DA:1217,1
DA:1219,1
DA:1221,1
DA:1223,1
DA:1226,0
DA:1228,0
DA:1230,0
DA:1231,0
DA:1233,0
DA:1234,0
DA:1236,0
DA:1237,0
DA:1239,0
DA:1240,0
DA:1242,0
DA:1244,0
DA:1246,0
DA:1247,0
DA:1248,0
DA:1249,0
DA:1256,0
DA:1258,0
DA:1260,0
DA:1269,0
DA:1273,0
DA:1277,0
DA:1279,0
DA:1288,0
DA:1292,0
DA:1294,0
DA:1295,0
DA:1297,0
DA:1299,0
DA:1303,0
DA:1306,0
DA:1307,0
DA:1309,0
DA:1311,0
DA:1313,0
DA:1315,0
DA:1317,0
DA:1321,0
DA:1322,0
DA:1324,0
DA:1326,0
DA:1328,0
DA:1329,0
DA:1331,0
DA:1334,0
DA:1336,0
DA:1339,0
DA:1341,0
DA:1344,0
DA:1349,0
DA:1353,0
DA:1357,0
DA:1358,0
DA:1364,0
DA:1368,0
DA:1369,0
DA:1372,0
DA:1374,0
DA:1375,0
DA:1379,0
DA:1383,0
DA:1385,0
DA:1387,0
DA:1390,0
DA:1391,0
DA:1393,0
DA:1394,0
DA:1396,0
DA:1398,0
DA:1403,0
DA:1406,0
DA:1407,0
DA:1418,1
DA:1423,0
DA:1424,0
DA:1426,0
DA:1427,0
DA:1429,0
DA:1430,0
DA:1432,0
DA:1433,0
DA:1435,0
DA:1436,0
DA:1438,0
DA:1439,0
DA:1441,0
DA:1442,0
DA:1444,0
DA:1446,0
DA:1448,0
DA:1449,0
DA:1450,0
DA:1453,0
DA:1455,0
DA:1458,0
DA:1459,0
DA:1466,1
DA:1470,1
DA:1471,1
DA:1476,1
DA:1477,1
DA:1478,3
DA:1479,1
DA:1480,1
DA:1481,1
DA:1483,1
DA:1484,1
DA:1485,1
DA:1490,1
DA:1491,3
DA:1492,1
DA:1493,1
DA:1494,1
DA:1496,0
DA:1497,0
DA:1498,0
DA:1502,2
DA:1503,0
DA:1506,1
DA:1508,4
DA:1512,1
LF:634
LH:105
end_of_record
SF:/Users/scheglov/Source/Dart/sdk.git/sdk/pkg/analyzer/lib/src/summary2/export.dart
DA:16,1
DA:22,1
DA:23,2
DA:24,4
DA:33,1
DA:36,1
DA:38,0
DA:40,0
DA:46,1
DA:54,1
DA:59,0
DA:61,0
DA:62,0
DA:66,1
DA:68,1
DA:69,1
DA:70,2
DA:83,1
DA:85,0
DA:87,0
DA:88,0
DA:89,0
DA:92,1
DA:93,3
DA:94,3
DA:97,0
DA:99,0
DA:106,1
DA:107,3
DA:110,1
DA:115,2
DA:116,2
DA:117,0
DA:118,0
DA:126,3
DA:127,1
DA:128,1
DA:133,1
DA:134,2
DA:137,1
DA:138,4
DA:139,1
DA:140,1
LF:43
LH:30
end_of_record
SF:/Users/scheglov/Source/Dart/sdk.git/sdk/pkg/analyzer/lib/dart/ast/doc_comment.dart
DA:21,0
DA:23,0
DA:24,0
DA:65,0
DA:78,0
DA:92,1
DA:123,0
DA:153,0
DA:401,0
DA:429,0
DA:433,0
DA:446,0
DA:453,0
DA:455,0
DA:456,0
LF:15
LH:1
end_of_record
SF:/Users/scheglov/Source/Dart/sdk.git/sdk/pkg/analyzer/lib/dart/ast/visitor.dart
DA:61,0
DA:62,0
DA:67,0
DA:68,0
DA:69,0
DA:70,0
DA:71,0
DA:75,0
DA:77,0
DA:103,0
DA:105,0
DA:107,0
DA:108,0
DA:132,1
DA:134,0
DA:135,0
DA:137,2
DA:139,1
DA:140,1
DA:142,1
DA:143,1
DA:145,0
DA:146,0
DA:148,0
DA:149,0
DA:151,0
DA:152,0
DA:154,0
DA:156,0
DA:158,0
DA:160,0
DA:162,0
DA:164,0
DA:166,0
DA:168,0
DA:170,0
DA:171,0
DA:173,1
DA:174,1
DA:176,1
DA:177,1
DA:179,1
DA:180,1
DA:182,1
DA:183,1
DA:185,0
DA:186,0
DA:188,0
DA:189,0
DA:191,0
DA:192,0
DA:194,0
DA:195,0
DA:197,0
DA:198,0
DA:200,0
DA:201,0
DA:203,1
DA:205,1
DA:207,2
DA:209,0
DA:210,0
DA:212,2
DA:214,2
DA:216,1
DA:217,1
DA:219,0
DA:220,0
DA:222,1
DA:223,1
DA:225,1
DA:226,1
DA:228,0
DA:230,0
DA:232,0
DA:233,0
DA:235,0
DA:236,0
DA:238,1
DA:240,1
DA:242,1
DA:244,1
DA:246,1
DA:247,1
DA:249,1
DA:250,1
DA:252,0
DA:254,0
DA:256,0
DA:257,0
DA:259,0
DA:260,0
DA:262,0
DA:264,2
DA:266,0
DA:267,0
DA:269,0
DA:271,0
DA:273,1
DA:275,1
DA:277,2
DA:279,0
DA:280,0
DA:282,0
DA:285,0
DA:287,0
DA:289,0
DA:291,0
DA:293,0
DA:295,0
DA:296,0
DA:298,1
DA:299,1
DA:301,1
DA:302,1
DA:304,0
DA:305,0
DA:307,0
DA:308,0
DA:310,0
DA:312,0
DA:314,0
DA:316,0
DA:318,1
DA:320,1
DA:322,2
DA:324,1
DA:326,1
DA:328,1
DA:329,1
DA:331,1
DA:332,1
DA:334,1
DA:336,1
DA:338,1
DA:339,1
DA:341,0
DA:342,0
DA:344,1
DA:346,1
DA:348,1
DA:349,1
DA:351,1
DA:353,1
DA:355,0
DA:357,0
DA:359,0
DA:361,0
DA:363,0
DA:365,0
DA:367,0
DA:369,0
DA:370,0
DA:372,2
DA:374,1
DA:375,1
DA:377,0
DA:379,0
DA:381,0
DA:383,0
DA:385,0
DA:387,0
DA:388,0
DA:390,0
DA:391,0
DA:393,2
DA:395,1
DA:397,2
DA:398,0
DA:400,1
DA:403,0
DA:405,0
DA:407,1
DA:408,1
DA:410,0
DA:412,0
DA:414,0
DA:415,0
DA:417,0
DA:418,0
DA:420,1
DA:422,1
DA:424,1
DA:426,1
DA:428,1
DA:429,1
DA:431,0
DA:432,0
DA:434,1
DA:435,1
DA:437,2
DA:439,0
DA:440,0
DA:442,0
DA:443,0
DA:445,1
DA:446,1
DA:448,0
DA:449,0
DA:451,1
DA:453,1
DA:455,1
DA:456,1
DA:458,0
DA:459,0
DA:461,1
DA:463,1
DA:465,1
DA:466,1
DA:468,0
DA:470,0
DA:472,0
DA:474,0
DA:476,0
DA:478,1
DA:479,1
DA:481,0
DA:482,0
DA:484,1
DA:485,1
DA:487,0
DA:488,0
DA:490,1
DA:491,1
DA:493,1
DA:494,1
DA:496,0
DA:497,0
DA:499,0
DA:500,0
DA:502,2
DA:504,0
DA:505,0
DA:507,0
DA:508,0
DA:510,0
DA:511,0
DA:513,0
DA:514,0
DA:516,0
DA:517,0
DA:519,1
DA:520,1
DA:522,1
DA:524,1
DA:526,0
DA:528,0
DA:530,0
DA:532,0
DA:535,1
DA:536,1
DA:538,1
DA:539,1
DA:541,1
DA:542,1
DA:544,1
DA:545,1
DA:547,0
DA:548,0
DA:550,0
DA:552,0
DA:554,1
DA:555,1
DA:559,1
DA:560,1
DA:562,0
DA:563,0
DA:565,0
DA:567,0
DA:569,0
DA:570,0
DA:572,1
DA:573,1
DA:575,0
DA:576,0
DA:578,0
DA:580,0
DA:582,0
DA:584,0
DA:586,1
DA:587,1
DA:589,1
DA:590,1
DA:592,0
DA:593,0
DA:595,0
DA:596,0
DA:598,0
DA:599,0
DA:601,0
DA:603,0
DA:605,0
DA:608,0
DA:610,1
DA:611,1
DA:613,0
DA:614,0
DA:616,1
DA:617,1
DA:619,0
DA:620,0
DA:622,0
DA:623,0
DA:625,0
DA:626,0
DA:628,0
DA:630,0
DA:632,0
DA:633,0
DA:635,0
DA:637,0
DA:639,0
DA:642,0
DA:644,0
DA:647,0
DA:649,1
DA:652,1
DA:654,0
DA:655,0
DA:657,1
DA:659,1
DA:661,1
DA:663,1
DA:665,0
DA:666,0
DA:668,0
DA:669,0
DA:671,0
DA:672,0
DA:674,0
DA:675,0
DA:677,0
DA:678,0
DA:680,1
DA:681,1
DA:683,1
DA:685,1
DA:687,0
DA:688,0
DA:690,1
DA:692,1
DA:694,1
DA:695,1
DA:697,0
DA:698,0
DA:700,2
DA:702,0
DA:704,0
DA:706,2
DA:708,0
DA:710,0
DA:712,0
DA:713,0
DA:715,0
DA:717,0
DA:719,0
DA:720,0
DA:722,0
DA:723,0
DA:725,0
DA:726,0
DA:728,0
DA:729,0
DA:731,0
DA:733,0
DA:734,0
DA:736,0
DA:737,0
DA:739,0
DA:740,0
DA:742,0
DA:743,0
DA:745,1
DA:746,1
DA:748,1
DA:750,1
DA:752,0
DA:753,0
DA:755,2
DA:757,2
DA:759,1
DA:760,1
DA:762,0
DA:764,0
DA:765,0
DA:767,1
DA:768,1
DA:770,1
DA:771,1
DA:773,2
DA:775,1
DA:777,1
DA:779,1
DA:781,1
DA:783,0
DA:785,0
DA:787,0
DA:788,0
DA:790,0
DA:791,0
DA:793,0
DA:794,0
DA:796,0
DA:797,0
DA:799,0
DA:800,0
DA:815,1
DA:817,0
DA:819,0
DA:823,1
DA:825,1
DA:829,1
DA:831,1
DA:835,0
DA:837,0
DA:841,0
DA:843,0
DA:847,0
DA:849,0
DA:853,0
DA:855,0
DA:859,0
DA:861,0
DA:865,0
DA:867,0
DA:871,0
DA:873,0
DA:877,0
DA:879,0
DA:883,1
DA:885,1
DA:889,1
DA:891,1
DA:895,1
DA:897,1
DA:901,1
DA:903,1
DA:907,0
DA:909,0
DA:913,0
DA:915,0
DA:919,0
DA:921,0
DA:925,0
DA:927,0
DA:931,0
DA:933,0
DA:937,0
DA:939,0
DA:943,0
DA:945,0
DA:949,0
DA:951,0
DA:955,0
DA:957,0
DA:961,0
DA:963,0
DA:967,1
DA:969,1
DA:973,0
DA:975,0
DA:979,0
DA:981,0
DA:985,0
DA:987,0
DA:991,0
DA:993,0
DA:997,1
DA:999,1
DA:1003,1
DA:1005,1
DA:1009,0
DA:1011,0
DA:1015,0
DA:1017,0
DA:1021,0
DA:1023,0
DA:1027,0
DA:1029,0
DA:1033,0
DA:1035,0
DA:1039,0
DA:1041,0
DA:1045,0
DA:1047,0
DA:1051,0
DA:1055,0
DA:1059,0
DA:1061,0
DA:1065,0
DA:1067,0
DA:1071,0
DA:1073,0
DA:1077,1
DA:1079,1
DA:1083,1
DA:1085,1
DA:1089,0
DA:1091,0
DA:1095,0
DA:1097,0
DA:1101,0
DA:1103,0
DA:1107,0
DA:1109,0
DA:1113,0
DA:1115,0
DA:1119,1
DA:1121,1
DA:1125,1
DA:1127,1
DA:1131,0
DA:1133,0
DA:1137,0
DA:1139,0
DA:1143,0
DA:1145,0
DA:1149,0
DA:1151,0
DA:1155,0
DA:1157,0
DA:1161,0
DA:1163,0
DA:1167,0
DA:1169,0
DA:1173,0
DA:1175,0
DA:1179,0
DA:1181,0
DA:1185,0
DA:1187,0
DA:1191,0
DA:1193,0
DA:1197,0
DA:1199,0
DA:1203,0
DA:1205,0
DA:1209,0
DA:1211,0
DA:1215,0
DA:1217,0
DA:1221,0
DA:1223,0
DA:1227,0
DA:1229,0
DA:1233,0
DA:1235,0
DA:1239,0
DA:1241,0
DA:1245,0
DA:1247,0
DA:1251,0
DA:1253,0
DA:1257,0
DA:1259,0
DA:1263,0
DA:1265,0
DA:1269,0
DA:1271,0
DA:1275,0
DA:1277,0
DA:1281,0
DA:1283,0
DA:1287,0
DA:1289,0
DA:1293,0
DA:1295,0
DA:1299,0
DA:1301,0
DA:1305,0
DA:1307,0
DA:1311,0
DA:1313,0
DA:1317,0
DA:1319,0
DA:1323,1
DA:1325,1
DA:1329,0
DA:1331,0
DA:1335,1
DA:1337,1
DA:1341,1
DA:1343,1
DA:1347,0
DA:1349,0
DA:1353,0
DA:1355,0
DA:1359,0
DA:1361,0
DA:1365,1
DA:1367,1
DA:1371,0
DA:1373,0
DA:1377,0
DA:1379,0
DA:1383,0
DA:1385,0
DA:1389,0
DA:1391,0
DA:1395,0
DA:1397,0
DA:1401,0
DA:1403,0
DA:1407,0
DA:1409,0
DA:1413,0
DA:1415,0
DA:1419,0
DA:1421,0
DA:1425,0
DA:1427,0
DA:1431,0
DA:1433,0
DA:1437,1
DA:1439,1
DA:1443,0
DA:1445,0
DA:1449,0
DA:1451,0
DA:1455,1
DA:1457,1
DA:1461,1
DA:1463,1
DA:1467,0
DA:1469,0
DA:1473,0
DA:1475,0
DA:1479,0
DA:1481,0
DA:1485,0
DA:1487,0
DA:1491,0
DA:1493,0
DA:1497,1
DA:1499,1
DA:1503,0
DA:1505,0
DA:1509,0
DA:1511,0
DA:1515,0
DA:1517,0
DA:1521,0
DA:1523,0
DA:1527,0
DA:1529,0
DA:1533,0
DA:1535,0
DA:1539,0
DA:1541,0
DA:1545,0
DA:1547,0
DA:1551,0
DA:1553,0
DA:1557,0
DA:1561,0
DA:1565,1
DA:1567,1
DA:1571,0
DA:1573,0
DA:1577,1
DA:1579,1
DA:1583,0
DA:1585,0
DA:1589,0
DA:1591,0
DA:1595,0
DA:1597,0
DA:1601,0
DA:1603,0
DA:1607,0
DA:1609,0
DA:1613,0
DA:1617,0
DA:1621,0
DA:1625,0
DA:1629,1
DA:1633,1
DA:1637,0
DA:1639,0
DA:1643,0
DA:1645,0
DA:1649,0
DA:1651,0
DA:1655,0
DA:1657,0
DA:1661,0
DA:1663,0
DA:1667,0
DA:1669,0
DA:1673,0
DA:1675,0
DA:1679,1
DA:1681,1
DA:1685,0
DA:1687,0
DA:1691,1
DA:1693,1
DA:1697,1
DA:1699,1
DA:1703,1
DA:1705,1
DA:1709,0
DA:1711,0
DA:1715,0
DA:1717,0
DA:1721,0
DA:1723,0
DA:1727,0
DA:1729,0
DA:1733,0
DA:1735,0
DA:1739,0
DA:1741,0
DA:1745,0
DA:1747,0
DA:1751,0
DA:1753,0
DA:1757,0
DA:1759,0
DA:1763,0
DA:1765,0
DA:1769,0
DA:1771,0
DA:1775,0
DA:1777,0
DA:1781,0
DA:1783,0
DA:1787,1
DA:1789,1
DA:1793,1
DA:1795,1
DA:1799,0
DA:1801,0
DA:1805,1
DA:1807,1
DA:1811,0
DA:1813,0
DA:1817,0
DA:1819,0
DA:1823,0
DA:1825,0
DA:1829,1
DA:1831,1
DA:1835,1
DA:1837,1
DA:1841,0
DA:1843,0
DA:1847,0
DA:1849,0
DA:1853,0
DA:1855,0
DA:1859,0
DA:1861,0
DA:1865,0
DA:1867,0
DA:1871,0
DA:1873,0
DA:1886,0
DA:1888,0
DA:1891,0
DA:1894,0
DA:1897,0
DA:1900,0
DA:1903,0
DA:1906,0
DA:1909,0
DA:1912,0
DA:1915,0
DA:1918,0
DA:1921,0
DA:1924,0
DA:1927,0
DA:1930,0
DA:1933,0
DA:1936,0
DA:1939,0
DA:1942,0
DA:1945,0
DA:1948,0
DA:1951,0
DA:1954,0
DA:1957,0
DA:1960,0
DA:1963,0
DA:1966,0
DA:1969,0
DA:1972,0
DA:1975,0
DA:1978,0
DA:1981,0
DA:1984,0
DA:1987,0
DA:1990,0
DA:1993,0
DA:1996,0
DA:1999,0
DA:2002,0
DA:2005,0
DA:2010,0
DA:2013,0
DA:2016,0
DA:2019,0
DA:2022,0
DA:2025,0
DA:2028,0
DA:2031,0
DA:2034,0
DA:2037,0
DA:2040,0
DA:2043,0
DA:2046,0
DA:2049,0
DA:2052,0
DA:2055,0
DA:2058,0
DA:2061,0
DA:2064,0
DA:2067,0
DA:2070,0
DA:2073,0
DA:2076,0
DA:2079,0
DA:2082,0
DA:2085,0
DA:2088,0
DA:2091,0
DA:2094,0
DA:2097,0
DA:2101,0
DA:2104,0
DA:2108,0
DA:2111,0
DA:2114,0
DA:2118,0
DA:2121,0
DA:2124,0
DA:2127,0
DA:2130,0
DA:2133,0
DA:2136,0
DA:2139,0
DA:2142,0
DA:2145,0
DA:2148,0
DA:2151,0
DA:2154,0
DA:2157,0
DA:2160,0
DA:2163,0
DA:2166,0
DA:2169,0
DA:2172,0
DA:2175,0
DA:2178,0
DA:2181,0
DA:2184,0
DA:2187,0
DA:2190,0
DA:2193,0
DA:2196,0
DA:2199,0
DA:2202,0
DA:2205,0
DA:2208,0
DA:2211,0
DA:2214,0
DA:2217,0
DA:2220,0
DA:2223,0
DA:2226,0
DA:2229,0
DA:2232,0
DA:2235,0
DA:2238,0
DA:2241,0
DA:2244,0
DA:2247,0
DA:2250,0
DA:2253,0
DA:2256,0
DA:2259,0
DA:2262,0
DA:2267,0
DA:2270,0
DA:2273,0
DA:2276,0
DA:2279,0
DA:2282,0
DA:2285,0
DA:2288,0
DA:2292,0
DA:2297,0
DA:2302,0
DA:2307,0
DA:2310,0
DA:2314,0
DA:2317,0
DA:2320,0
DA:2323,0
DA:2326,0
DA:2329,0
DA:2332,0
DA:2335,0
DA:2338,0
DA:2341,0
DA:2344,0
DA:2347,0
DA:2350,0
DA:2353,0
DA:2356,0
DA:2359,0
DA:2362,0
DA:2365,0
DA:2368,0
DA:2371,0
DA:2374,0
DA:2377,0
DA:2380,0
DA:2383,0
DA:2386,0
DA:2389,0
DA:2392,0
DA:2395,0
DA:2398,0
DA:2401,0
DA:2404,0
DA:2407,0
DA:2410,0
DA:2414,0
DA:2417,0
DA:2420,0
DA:2423,0
DA:2426,0
DA:2439,1
DA:2441,0
DA:2442,0
DA:2444,0
DA:2445,0
DA:2447,0
DA:2448,0
DA:2450,0
DA:2451,0
DA:2453,0
DA:2454,0
DA:2456,0
DA:2457,0
DA:2459,0
DA:2460,0
DA:2462,0
DA:2463,0
DA:2465,0
DA:2466,0
DA:2468,0
DA:2469,0
DA:2471,0
DA:2472,0
DA:2474,0
DA:2475,0
DA:2477,0
DA:2478,0
DA:2480,0
DA:2481,0
DA:2483,0
DA:2484,0
DA:2486,0
DA:2487,0
DA:2489,0
DA:2490,0
DA:2492,0
DA:2493,0
DA:2495,0
DA:2496,0
DA:2498,0
DA:2499,0
DA:2501,0
DA:2502,0
DA:2504,0
DA:2505,0
DA:2507,0
DA:2508,0
DA:2510,0
DA:2511,0
DA:2513,0
DA:2514,0
DA:2516,0
DA:2517,0
DA:2519,0
DA:2520,0
DA:2522,0
DA:2523,0
DA:2525,0
DA:2526,0
DA:2528,0
DA:2529,0
DA:2531,0
DA:2533,0
DA:2535,0
DA:2536,0
DA:2538,0
DA:2539,0
DA:2541,0
DA:2542,0
DA:2544,0
DA:2545,0
DA:2547,0
DA:2548,0
DA:2550,0
DA:2551,0
DA:2553,0
DA:2554,0
DA:2556,0
DA:2557,0
DA:2559,0
DA:2562,0
DA:2564,0
DA:2565,0
DA:2567,0
DA:2569,0
DA:2571,0
DA:2572,0
DA:2574,0
DA:2575,0
DA:2577,0
DA:2578,0
DA:2580,0
DA:2581,0
DA:2583,0
DA:2584,0
DA:2586,0
DA:2587,0
DA:2589,0
DA:2590,0
DA:2592,0
DA:2593,0
DA:2595,0
DA:2596,0
DA:2598,0
DA:2599,0
DA:2601,0
DA:2602,0
DA:2604,0
DA:2605,0
DA:2607,0
DA:2608,0
DA:2610,0
DA:2611,0
DA:2613,0
DA:2615,0
DA:2617,0
DA:2618,0
DA:2620,0
DA:2621,0
DA:2623,0
DA:2625,0
DA:2627,0
DA:2629,0
DA:2631,0
DA:2632,0
DA:2634,0
DA:2635,0
DA:2637,0
DA:2638,0
DA:2640,0
DA:2642,0
DA:2644,0
DA:2645,0
DA:2647,0
DA:2648,0
DA:2650,0
DA:2651,0
DA:2653,0
DA:2654,0
DA:2656,0
DA:2658,0
DA:2660,0
DA:2661,0
DA:2663,0
DA:2665,0
DA:2667,0
DA:2668,0
DA:2670,0
DA:2671,0
DA:2673,0
DA:2675,0
DA:2677,0
DA:2678,0
DA:2680,0
DA:2681,0
DA:2683,0
DA:2684,0
DA:2686,0
DA:2687,0
DA:2689,0
DA:2690,0
DA:2692,0
DA:2693,0
DA:2695,0
DA:2696,0
DA:2698,0
DA:2699,0
DA:2701,0
DA:2702,0
DA:2704,0
DA:2705,0
DA:2707,0
DA:2708,0
DA:2710,0
DA:2712,0
DA:2714,0
DA:2715,0
DA:2717,0
DA:2718,0
DA:2720,0
DA:2721,0
DA:2723,0
DA:2724,0
DA:2726,0
DA:2727,0
DA:2729,0
DA:2730,0
DA:2732,0
DA:2733,0
DA:2735,0
DA:2736,0
DA:2738,0
DA:2739,0
DA:2741,0
DA:2742,0
DA:2744,0
DA:2745,0
DA:2747,0
DA:2748,0
DA:2750,0
DA:2751,0
DA:2753,0
DA:2754,0
DA:2756,0
DA:2757,0
DA:2759,0
DA:2760,0
DA:2762,0
DA:2763,0
DA:2765,0
DA:2766,0
DA:2768,0
DA:2769,0
DA:2771,0
DA:2772,0
DA:2774,0
DA:2775,0
DA:2777,0
DA:2778,0
DA:2780,0
DA:2781,0
DA:2783,0
DA:2784,0
DA:2786,0
DA:2787,0
DA:2789,0
DA:2790,0
DA:2792,0
DA:2793,0
DA:2795,0
DA:2796,0
DA:2798,0
DA:2799,0
DA:2801,0
DA:2802,0
DA:2804,0
DA:2805,0
DA:2807,0
DA:2808,0
DA:2810,0
DA:2811,0
DA:2813,0
DA:2814,0
DA:2816,0
DA:2817,0
DA:2819,0
DA:2821,0
DA:2823,0
DA:2826,0
DA:2828,0
DA:2829,0
DA:2831,0
DA:2832,0
DA:2834,0
DA:2835,0
DA:2837,0
DA:2838,0
DA:2840,0
DA:2841,0
DA:2843,0
DA:2844,0
DA:2846,0
DA:2847,0
DA:2849,0
DA:2851,0
DA:2853,0
DA:2856,0
DA:2858,0
DA:2861,0
DA:2863,0
DA:2866,0
DA:2868,0
DA:2869,0
DA:2871,0
DA:2873,0
DA:2875,0
DA:2877,0
DA:2879,0
DA:2880,0
DA:2882,0
DA:2883,0
DA:2885,0
DA:2886,0
DA:2888,0
DA:2889,0
DA:2891,0
DA:2892,0
DA:2894,0
DA:2895,0
DA:2897,0
DA:2898,0
DA:2900,0
DA:2901,0
DA:2903,0
DA:2904,0
DA:2906,0
DA:2907,0
DA:2909,0
DA:2910,0
DA:2912,0
DA:2914,0
DA:2916,0
DA:2917,0
DA:2919,0
DA:2920,0
DA:2922,0
DA:2923,0
DA:2925,0
DA:2926,0
DA:2928,0
DA:2929,0
DA:2931,0
DA:2932,0
DA:2934,0
DA:2935,0
DA:2937,0
DA:2938,0
DA:2940,0
DA:2941,0
DA:2943,0
DA:2944,0
DA:2946,0
DA:2947,0
DA:2949,0
DA:2951,0
DA:2953,0
DA:2954,0
DA:2956,0
DA:2957,0
DA:2959,0
DA:2960,0
DA:2962,0
DA:2963,0
DA:2965,0
DA:2966,0
DA:2968,0
DA:2969,0
DA:2971,0
DA:2972,0
DA:2974,0
DA:2976,0
DA:2978,0
DA:2979,0
DA:2981,0
DA:2982,0
DA:2984,0
DA:2985,0
DA:2987,0
DA:2988,0
DA:2990,0
DA:2991,0
DA:2993,0
DA:2994,0
DA:2995,0
DA:2996,0
DA:2998,0
DA:3014,0
DA:3015,0
DA:3017,0
DA:3019,0
DA:3020,0
DA:3021,0
DA:3025,0
DA:3027,0
DA:3028,0
DA:3029,0
DA:3033,0
DA:3035,0
DA:3036,0
DA:3037,0
DA:3041,0
DA:3043,0
DA:3044,0
DA:3045,0
DA:3049,0
DA:3051,0
DA:3052,0
DA:3053,0
DA:3057,0
DA:3059,0
DA:3060,0
DA:3061,0
DA:3065,0
DA:3067,0
DA:3068,0
DA:3069,0
DA:3073,0
DA:3075,0
DA:3076,0
DA:3077,0
DA:3081,0
DA:3083,0
DA:3084,0
DA:3085,0
DA:3089,0
DA:3091,0
DA:3092,0
DA:3093,0
DA:3097,0
DA:3099,0
DA:3100,0
DA:3101,0
DA:3105,0
DA:3107,0
DA:3108,0
DA:3109,0
DA:3113,0
DA:3115,0
DA:3116,0
DA:3117,0
DA:3121,0
DA:3123,0
DA:3124,0
DA:3125,0
DA:3129,0
DA:3131,0
DA:3132,0
DA:3133,0
DA:3137,0
DA:3139,0
DA:3140,0
DA:3141,0
DA:3145,0
DA:3147,0
DA:3148,0
DA:3149,0
DA:3153,0
DA:3155,0
DA:3156,0
DA:3157,0
DA:3161,0
DA:3163,0
DA:3164,0
DA:3165,0
DA:3169,0
DA:3171,0
DA:3172,0
DA:3173,0
DA:3177,0
DA:3179,0
DA:3180,0
DA:3181,0
DA:3185,0
DA:3187,0
DA:3188,0
DA:3189,0
DA:3193,0
DA:3195,0
DA:3196,0
DA:3197,0
DA:3201,0
DA:3203,0
DA:3204,0
DA:3205,0
DA:3209,0
DA:3211,0
DA:3212,0
DA:3213,0
DA:3217,0
DA:3219,0
DA:3220,0
DA:3221,0
DA:3225,0
DA:3227,0
DA:3228,0
DA:3229,0
DA:3233,0
DA:3235,0
DA:3236,0
DA:3237,0
DA:3241,0
DA:3243,0
DA:3244,0
DA:3245,0
DA:3249,0
DA:3251,0
DA:3252,0
DA:3253,0
DA:3257,0
DA:3259,0
DA:3260,0
DA:3261,0
DA:3265,0
DA:3267,0
DA:3268,0
DA:3269,0
DA:3273,0
DA:3275,0
DA:3276,0
DA:3277,0
DA:3281,0
DA:3283,0
DA:3284,0
DA:3285,0
DA:3289,0
DA:3291,0
DA:3292,0
DA:3293,0
DA:3297,0
DA:3299,0
DA:3300,0
DA:3301,0
DA:3305,0
DA:3307,0
DA:3308,0
DA:3309,0
DA:3313,0
DA:3315,0
DA:3316,0
DA:3317,0
DA:3321,0
DA:3323,0
DA:3324,0
DA:3325,0
DA:3329,0
DA:3333,0
DA:3334,0
DA:3335,0
DA:3339,0
DA:3341,0
DA:3342,0
DA:3343,0
DA:3347,0
DA:3349,0
DA:3350,0
DA:3351,0
DA:3355,0
DA:3357,0
DA:3358,0
DA:3359,0
DA:3363,0
DA:3365,0
DA:3366,0
DA:3367,0
DA:3371,0
DA:3373,0
DA:3374,0
DA:3375,0
DA:3379,0
DA:3381,0
DA:3382,0
DA:3383,0
DA:3387,0
DA:3389,0
DA:3390,0
DA:3391,0
DA:3395,0
DA:3397,0
DA:3398,0
DA:3399,0
DA:3403,0
DA:3405,0
DA:3406,0
DA:3407,0
DA:3411,0
DA:3413,0
DA:3414,0
DA:3415,0
DA:3419,0
DA:3421,0
DA:3422,0
DA:3423,0
DA:3427,0
DA:3429,0
DA:3430,0
DA:3431,0
DA:3435,0
DA:3437,0
DA:3438,0
DA:3439,0
DA:3443,0
DA:3445,0
DA:3446,0
DA:3447,0
DA:3451,0
DA:3453,0
DA:3454,0
DA:3455,0
DA:3459,0
DA:3461,0
DA:3462,0
DA:3463,0
DA:3467,0
DA:3469,0
DA:3470,0
DA:3471,0
DA:3475,0
DA:3477,0
DA:3478,0
DA:3479,0
DA:3483,0
DA:3485,0
DA:3486,0
DA:3487,0
DA:3491,0
DA:3493,0
DA:3494,0
DA:3495,0
DA:3499,0
DA:3501,0
DA:3502,0
DA:3503,0
DA:3507,0
DA:3509,0
DA:3510,0
DA:3511,0
DA:3515,0
DA:3517,0
DA:3518,0
DA:3519,0
DA:3523,0
DA:3525,0
DA:3526,0
DA:3527,0
DA:3531,0
DA:3533,0
DA:3534,0
DA:3535,0
DA:3539,0
DA:3541,0
DA:3542,0
DA:3543,0
DA:3547,0
DA:3549,0
DA:3550,0
DA:3551,0
DA:3555,0
DA:3557,0
DA:3558,0
DA:3559,0
DA:3563,0
DA:3565,0
DA:3566,0
DA:3567,0
DA:3571,0
DA:3573,0
DA:3574,0
DA:3575,0
DA:3579,0
DA:3581,0
DA:3582,0
DA:3583,0
DA:3587,0
DA:3589,0
DA:3590,0
DA:3591,0
DA:3595,0
DA:3597,0
DA:3598,0
DA:3599,0
DA:3603,0
DA:3605,0
DA:3606,0
DA:3607,0
DA:3611,0
DA:3613,0
DA:3614,0
DA:3615,0
DA:3619,0
DA:3621,0
DA:3622,0
DA:3623,0
DA:3627,0
DA:3629,0
DA:3630,0
DA:3631,0
DA:3635,0
DA:3637,0
DA:3638,0
DA:3639,0
DA:3643,0
DA:3645,0
DA:3646,0
DA:3647,0
DA:3651,0
DA:3653,0
DA:3654,0
DA:3655,0
DA:3659,0
DA:3661,0
DA:3662,0
DA:3663,0
DA:3667,0
DA:3669,0
DA:3670,0
DA:3671,0
DA:3675,0
DA:3677,0
DA:3678,0
DA:3679,0
DA:3683,0
DA:3685,0
DA:3686,0
DA:3687,0
DA:3691,0
DA:3693,0
DA:3694,0
DA:3695,0
DA:3699,0
DA:3701,0
DA:3702,0
DA:3703,0
DA:3707,0
DA:3709,0
DA:3710,0
DA:3711,0
DA:3715,0
DA:3717,0
DA:3718,0
DA:3719,0
DA:3723,0
DA:3725,0
DA:3726,0
DA:3727,0
DA:3731,0
DA:3733,0
DA:3734,0
DA:3735,0
DA:3739,0
DA:3741,0
DA:3742,0
DA:3743,0
DA:3747,0
DA:3749,0
DA:3750,0
DA:3751,0
DA:3755,0
DA:3757,0
DA:3758,0
DA:3759,0
DA:3763,0
DA:3765,0
DA:3766,0
DA:3767,0
DA:3771,0
DA:3773,0
DA:3774,0
DA:3775,0
DA:3779,0
DA:3781,0
DA:3782,0
DA:3783,0
DA:3787,0
DA:3789,0
DA:3790,0
DA:3791,0
DA:3795,0
DA:3797,0
DA:3798,0
DA:3799,0
DA:3803,0
DA:3805,0
DA:3806,0
DA:3807,0
DA:3811,0
DA:3813,0
DA:3814,0
DA:3815,0
DA:3819,0
DA:3821,0
DA:3822,0
DA:3823,0
DA:3827,0
DA:3829,0
DA:3830,0
DA:3831,0
DA:3835,0
DA:3837,0
DA:3838,0
DA:3839,0
DA:3843,0
DA:3845,0
DA:3846,0
DA:3847,0
DA:3851,0
DA:3853,0
DA:3854,0
DA:3855,0
DA:3859,0
DA:3861,0
DA:3862,0
DA:3863,0
DA:3867,0
DA:3869,0
DA:3870,0
DA:3871,0
DA:3875,0
DA:3877,0
DA:3878,0
DA:3879,0
DA:3883,0
DA:3885,0
DA:3886,0
DA:3887,0
DA:3891,0
DA:3893,0
DA:3894,0
DA:3895,0
DA:3899,0
DA:3901,0
DA:3902,0
DA:3903,0
DA:3907,0
DA:3909,0
DA:3910,0
DA:3911,0
DA:3915,0
DA:3917,0
DA:3918,0
DA:3919,0
DA:3923,0
DA:3925,0
DA:3926,0
DA:3927,0
DA:3931,0
DA:3933,0
DA:3934,0
DA:3935,0
DA:3939,0
DA:3941,0
DA:3942,0
DA:3943,0
DA:3947,0
DA:3949,0
DA:3950,0
DA:3951,0
DA:3955,0
DA:3957,0
DA:3958,0
DA:3959,0
DA:3963,0
DA:3965,0
DA:3966,0
DA:3967,0
DA:3971,0
DA:3973,0
DA:3974,0
DA:3975,0
DA:3979,0
DA:3981,0
DA:3982,0
DA:3983,0
DA:3987,0
DA:3989,0
DA:3990,0
DA:3991,0
DA:3995,0
DA:3997,0
DA:3998,0
DA:3999,0
DA:4003,0
DA:4007,0
DA:4008,0
DA:4009,0
DA:4013,0
DA:4015,0
DA:4016,0
DA:4017,0
DA:4021,0
DA:4023,0
DA:4024,0
DA:4025,0
DA:4029,0
DA:4031,0
DA:4032,0
DA:4033,0
DA:4037,0
DA:4039,0
DA:4040,0
DA:4041,0
DA:4045,0
DA:4047,0
DA:4048,0
DA:4049,0
DA:4053,0
DA:4055,0
DA:4056,0
DA:4057,0
DA:4061,0
DA:4063,0
DA:4064,0
DA:4065,0
DA:4069,0
DA:4071,0
DA:4072,0
DA:4073,0
DA:4077,0
DA:4081,0
DA:4082,0
DA:4083,0
DA:4087,0
DA:4091,0
DA:4092,0
DA:4093,0
DA:4097,0
DA:4101,0
DA:4102,0
DA:4103,0
DA:4107,0
DA:4109,0
DA:4110,0
DA:4111,0
DA:4115,0
DA:4117,0
DA:4118,0
DA:4119,0
DA:4123,0
DA:4125,0
DA:4126,0
DA:4127,0
DA:4131,0
DA:4133,0
DA:4134,0
DA:4135,0
DA:4139,0
DA:4141,0
DA:4142,0
DA:4143,0
DA:4147,0
DA:4149,0
DA:4150,0
DA:4151,0
DA:4155,0
DA:4157,0
DA:4158,0
DA:4159,0
DA:4163,0
DA:4165,0
DA:4166,0
DA:4167,0
DA:4171,0
DA:4173,0
DA:4174,0
DA:4175,0
DA:4179,0
DA:4181,0
DA:4182,0
DA:4183,0
DA:4187,0
DA:4189,0
DA:4190,0
DA:4191,0
DA:4195,0
DA:4197,0
DA:4198,0
DA:4199,0
DA:4203,0
DA:4205,0
DA:4206,0
DA:4207,0
DA:4211,0
DA:4213,0
DA:4214,0
DA:4215,0
DA:4219,0
DA:4221,0
DA:4222,0
DA:4223,0
DA:4227,0
DA:4229,0
DA:4230,0
DA:4231,0
DA:4235,0
DA:4237,0
DA:4238,0
DA:4239,0
DA:4243,0
DA:4245,0
DA:4246,0
DA:4247,0
DA:4251,0
DA:4253,0
DA:4254,0
DA:4255,0
DA:4259,0
DA:4261,0
DA:4262,0
DA:4263,0
DA:4267,0
DA:4269,0
DA:4270,0
DA:4271,0
DA:4275,0
DA:4277,0
DA:4278,0
DA:4279,0
DA:4283,0
DA:4285,0
DA:4286,0
DA:4287,0
DA:4291,0
DA:4293,0
DA:4294,0
DA:4295,0
DA:4299,0
DA:4301,0
DA:4302,0
DA:4303,0
DA:4307,0
DA:4309,0
DA:4310,0
DA:4311,0
DA:4315,0
DA:4317,0
DA:4318,0
DA:4319,0
DA:4323,0
DA:4325,0
DA:4326,0
DA:4327,0
DA:4331,0
DA:4333,0
DA:4334,0
DA:4335,0
DA:4339,0
DA:4341,0
DA:4342,0
DA:4343,0
DA:4347,0
DA:4349,0
DA:4350,0
DA:4351,0
DA:4355,0
DA:4357,0
DA:4358,0
DA:4359,0
DA:4363,0
DA:4365,0
DA:4366,0
DA:4367,0
DA:4371,0
DA:4373,0
DA:4374,0
DA:4375,0
DA:4379,0
DA:4381,0
DA:4382,0
DA:4383,0
DA:4387,0
DA:4389,0
DA:4390,0
DA:4391,0
DA:4395,0
DA:4397,0
DA:4398,0
DA:4399,0
DA:4403,0
DA:4405,0
DA:4406,0
DA:4407,0
DA:4411,0
DA:4413,0
DA:4414,0
DA:4415,0
DA:4419,0
DA:4421,0
DA:4422,0
DA:4423,0
DA:4441,1
DA:4443,0
DA:4444,0
DA:4446,1
DA:4447,1
DA:4449,1
DA:4450,1
DA:4452,0
DA:4453,0
DA:4455,0
DA:4456,0
DA:4458,0
DA:4459,0
DA:4461,0
DA:4463,0
DA:4465,0
DA:4466,0
DA:4468,0
DA:4469,0
DA:4471,0
DA:4472,0
DA:4474,0
DA:4475,0
DA:4477,1
DA:4478,1
DA:4480,0
DA:4481,0
DA:4483,0
DA:4484,0
DA:4486,1
DA:4487,1
DA:4489,0
DA:4490,0
DA:4492,0
DA:4493,0
DA:4495,0
DA:4496,0
DA:4498,0
DA:4499,0
DA:4501,0
DA:4502,0
DA:4504,0
DA:4505,0
DA:4507,0
DA:4508,0
DA:4510,0
DA:4511,0
DA:4513,0
DA:4514,0
DA:4516,0
DA:4517,0
DA:4519,0
DA:4520,0
DA:4522,0
DA:4523,0
DA:4525,0
DA:4526,0
DA:4528,0
DA:4529,0
DA:4531,0
DA:4533,0
DA:4535,1
DA:4537,1
DA:4539,1
DA:4540,1
DA:4542,0
DA:4543,0
DA:4545,0
DA:4546,0
DA:4548,0
DA:4549,0
DA:4551,0
DA:4552,0
DA:4554,0
DA:4556,0
DA:4558,0
DA:4560,0
DA:4562,0
DA:4563,0
DA:4565,0
DA:4568,0
DA:4570,0
DA:4572,0
DA:4574,0
DA:4576,0
DA:4578,0
DA:4579,0
DA:4581,1
DA:4582,1
DA:4584,0
DA:4585,0
DA:4587,0
DA:4588,0
DA:4590,0
DA:4591,0
DA:4593,0
DA:4595,0
DA:4597,0
DA:4598,0
DA:4600,0
DA:4601,0
DA:4603,0
DA:4605,0
DA:4607,0
DA:4608,0
DA:4610,0
DA:4611,0
DA:4613,0
DA:4614,0
DA:4616,0
DA:4617,0
DA:4619,0
DA:4620,0
DA:4622,0
DA:4624,0
DA:4626,0
DA:4627,0
DA:4629,0
DA:4630,0
DA:4632,0
DA:4634,0
DA:4636,0
DA:4638,0
DA:4640,0
DA:4642,0
DA:4644,0
DA:4645,0
DA:4647,0
DA:4648,0
DA:4650,0
DA:4652,0
DA:4654,0
DA:4656,0
DA:4658,0
DA:4659,0
DA:4661,0
DA:4662,0
DA:4664,0
DA:4665,0
DA:4667,0
DA:4669,0
DA:4671,0
DA:4672,0
DA:4674,0
DA:4676,0
DA:4678,0
DA:4679,0
DA:4681,0
DA:4682,0
DA:4684,0
DA:4686,0
DA:4688,0
DA:4689,0
DA:4691,0
DA:4692,0
DA:4694,0
DA:4695,0
DA:4697,0
DA:4698,0
DA:4700,0
DA:4701,0
DA:4703,0
DA:4704,0
DA:4706,0
DA:4707,0
DA:4709,0
DA:4710,0
DA:4712,0
DA:4713,0
DA:4715,0
DA:4716,0
DA:4718,0
DA:4719,0
DA:4721,1
DA:4723,1
DA:4725,1
DA:4726,1
DA:4728,0
DA:4730,0
DA:4732,0
DA:4733,0
DA:4735,0
DA:4736,0
DA:4738,1
DA:4739,1
DA:4741,0
DA:4742,0
DA:4744,0
DA:4745,0
DA:4747,0
DA:4748,0
DA:4750,0
DA:4751,0
DA:4753,0
DA:4754,0
DA:4756,0
DA:4757,0
DA:4759,0
DA:4760,0
DA:4762,0
DA:4763,0
DA:4765,0
DA:4766,0
DA:4768,0
DA:4769,0
DA:4771,0
DA:4772,0
DA:4774,0
DA:4775,0
DA:4777,0
DA:4778,0
DA:4780,0
DA:4781,0
DA:4783,1
DA:4784,1
DA:4786,0
DA:4787,0
DA:4789,0
DA:4790,0
DA:4792,0
DA:4793,0
DA:4795,1
DA:4796,1
DA:4800,0
DA:4801,0
DA:4803,0
DA:4804,0
DA:4806,0
DA:4807,0
DA:4809,0
DA:4810,0
DA:4812,0
DA:4813,0
DA:4815,0
DA:4817,0
DA:4819,0
DA:4820,0
DA:4822,0
DA:4823,0
DA:4825,0
DA:4826,0
DA:4828,0
DA:4829,0
DA:4831,0
DA:4832,0
DA:4834,0
DA:4835,0
DA:4837,0
DA:4839,0
DA:4841,0
DA:4844,0
DA:4846,0
DA:4847,0
DA:4849,0
DA:4850,0
DA:4852,1
DA:4853,1
DA:4855,0
DA:4856,0
DA:4858,0
DA:4859,0
DA:4861,0
DA:4862,0
DA:4864,0
DA:4865,0
DA:4867,0
DA:4869,0
DA:4871,0
DA:4874,0
DA:4876,0
DA:4879,0
DA:4881,1
DA:4884,1
DA:4886,0
DA:4887,0
DA:4889,0
DA:4891,0
DA:4893,0
DA:4895,0
DA:4897,0
DA:4898,0
DA:4900,0
DA:4901,0
DA:4903,0
DA:4904,0
DA:4906,0
DA:4907,0
DA:4909,0
DA:4910,0
DA:4912,0
DA:4913,0
DA:4915,0
DA:4916,0
DA:4918,0
DA:4919,0
DA:4921,1
DA:4922,1
DA:4924,0
DA:4925,0
DA:4927,0
DA:4928,0
DA:4930,0
DA:4932,0
DA:4934,0
DA:4935,0
DA:4937,0
DA:4938,0
DA:4940,0
DA:4941,0
DA:4943,0
DA:4944,0
DA:4946,0
DA:4947,0
DA:4949,0
DA:4950,0
DA:4952,0
DA:4953,0
DA:4955,0
DA:4956,0
DA:4958,0
DA:4959,0
DA:4961,0
DA:4962,0
DA:4964,0
DA:4965,0
DA:4967,0
DA:4969,0
DA:4971,0
DA:4972,0
DA:4974,1
DA:4975,1
DA:4977,0
DA:4978,0
DA:4980,0
DA:4981,0
DA:4983,0
DA:4984,0
DA:4986,0
DA:4987,0
DA:4989,0
DA:4991,0
DA:4993,0
DA:4995,0
DA:4997,0
DA:4998,0
DA:5000,0
DA:5001,0
DA:5003,0
DA:5004,0
DA:5006,0
DA:5007,0
DA:5009,0
DA:5010,0
DA:5020,0
DA:5022,0
DA:5024,0
LF:2347
LH:257
end_of_record
SF:/Users/scheglov/Source/Dart/sdk.git/sdk/pkg/analyzer/lib/src/dart/ast/ast.dart
DA:84,0
DA:86,0
DA:89,0
DA:92,0
DA:95,0
DA:98,0
DA:101,0
DA:104,0
DA:107,0
DA:110,0
DA:112,0
DA:114,0
DA:116,0
DA:119,0
DA:122,0
DA:125,0
DA:128,0
DA:130,0
DA:131,0
DA:132,0
DA:136,0
DA:139,0
DA:176,1
DA:180,1
DA:183,1
DA:185,1
DA:186,2
DA:187,1
DA:189,2
DA:190,2
DA:191,2
DA:193,0
DA:194,0
DA:195,0
DA:201,1
DA:203,1
DA:206,0
DA:208,0
DA:210,0
DA:212,0
DA:321,1
DA:333,1
DA:334,1
DA:335,1
DA:336,1
DA:339,1
DA:341,1
DA:343,0
DA:345,0
DA:348,1
DA:351,1
DA:354,1
DA:356,1
DA:358,0
DA:360,0
DA:363,1
DA:365,1
DA:367,0
DA:368,0
DA:373,1
DA:374,1
DA:377,1
DA:380,1
DA:381,1
DA:383,1
DA:384,0
DA:386,1
DA:389,1
DA:390,0
DA:392,2
DA:395,1
DA:397,1
DA:399,0
DA:401,0
DA:404,0
DA:405,0
DA:407,1
DA:409,1
DA:411,0
DA:413,0
DA:416,0
DA:419,0
DA:420,0
DA:421,0
DA:422,0
DA:423,0
DA:424,0
DA:425,0
DA:427,1
DA:429,1
DA:431,1
DA:434,2
DA:435,1
DA:436,1
DA:437,2
DA:440,0
DA:443,0
DA:444,0
DA:446,0
DA:447,0
DA:451,0
DA:452,0
DA:456,0
DA:457,0
DA:522,1
DA:528,2
DA:531,0
DA:534,0
DA:537,0
DA:538,0
DA:540,1
DA:543,4
DA:544,0
DA:545,0
DA:548,1
DA:551,1
DA:554,1
DA:557,0
DA:560,0
DA:561,0
DA:562,0
DA:563,0
DA:565,1
DA:567,1
DA:569,1
DA:572,2
DA:575,0
DA:578,0
DA:593,1
DA:596,1
DA:597,5
DA:603,2
DA:604,1
DA:608,2
DA:646,0
DA:653,0
DA:654,0
DA:657,0
DA:660,0
DA:663,0
DA:666,0
DA:669,0
DA:671,0
DA:673,0
DA:675,0
DA:678,0
DA:681,0
DA:683,0
DA:685,0
DA:687,0
DA:690,0
DA:693,0
DA:694,0
DA:695,0
DA:696,0
DA:698,0
DA:700,0
DA:702,0
DA:705,0
DA:708,0
DA:711,0
DA:712,0
DA:715,0
DA:718,0
DA:719,0
DA:721,0
DA:722,0
DA:770,0
DA:780,0
DA:781,0
DA:784,0
DA:787,0
DA:790,0
DA:792,0
DA:794,0
DA:796,0
DA:799,0
DA:802,0
DA:805,0
DA:807,0
DA:809,0
DA:811,0
DA:814,0
DA:817,0
DA:818,0
DA:819,0
DA:820,0
DA:821,0
DA:822,0
DA:823,0
DA:825,0
DA:827,0
DA:829,0
DA:832,0
DA:833,0
DA:836,0
DA:839,0
DA:840,0
DA:842,0
DA:843,0
DA:924,0
DA:935,0
DA:936,0
DA:939,0
DA:942,0
DA:945,0
DA:947,0
DA:949,0
DA:951,0
DA:954,0
DA:957,0
DA:960,0
DA:962,0
DA:964,0
DA:966,0
DA:969,0
DA:972,0
DA:973,0
DA:974,0
DA:975,0
DA:976,0
DA:977,0
DA:978,0
DA:979,0
DA:981,0
DA:983,0
DA:985,0
DA:988,0
DA:989,0
DA:992,0
DA:995,0
DA:996,0
DA:998,0
DA:999,0
DA:1031,0
DA:1034,0
DA:1037,0
DA:1040,0
DA:1043,0
DA:1046,0
DA:1049,0
DA:1051,0
DA:1053,0
DA:1056,0
DA:1058,0
DA:1060,0
DA:1061,0
DA:1063,0
DA:1064,0
DA:1066,0
DA:1069,0
DA:1074,0
DA:1080,0
DA:1084,0
DA:1134,1
DA:1141,1
DA:1142,1
DA:1145,0
DA:1148,0
DA:1151,0
DA:1154,0
DA:1157,1
DA:1159,1
DA:1161,0
DA:1163,0
DA:1166,0
DA:1169,1
DA:1171,1
DA:1173,0
DA:1175,0
DA:1178,0
DA:1181,0
DA:1182,0
DA:1183,0
DA:1184,0
DA:1186,0
DA:1187,0
DA:1192,0
DA:1194,0
DA:1195,0
DA:1197,0
DA:1200,0
DA:1201,0
DA:1202,0
DA:1205,0
DA:1206,0
DA:1207,0
DA:1210,0
DA:1216,0
DA:1219,0
DA:1221,0
DA:1224,0
DA:1227,0
DA:1230,0
DA:1231,0
DA:1234,0
DA:1237,0
DA:1238,0
DA:1240,0
DA:1241,0
DA:1246,0
DA:1248,0
DA:1260,0
DA:1261,0
DA:1359,0
DA:1361,0
DA:1363,1
DA:1364,2
DA:1366,0
DA:1369,1
DA:1370,3
DA:1375,3
DA:1377,1
DA:1378,2
DA:1380,1
DA:1381,1
DA:1383,0
DA:1386,0
DA:1389,0
DA:1394,0
DA:1396,1
DA:1397,1
DA:1400,0
DA:1402,0
DA:1404,0
DA:1409,0
DA:1410,0
DA:1415,0
DA:1418,0
DA:1419,0
DA:1424,0
DA:1426,0
DA:1427,0
DA:1428,0
DA:1431,0
DA:1432,0
DA:1436,1
DA:1437,1
DA:1454,0
DA:1456,0
DA:1457,0
DA:1458,0
DA:1459,0
DA:1461,0
DA:1462,0
DA:1463,0
DA:1465,0
DA:1466,0
DA:1470,0
DA:1471,0
DA:1472,0
DA:1478,0
DA:1481,0
DA:1483,0
DA:1485,0
DA:1486,0
DA:1487,0
DA:1489,0
DA:1490,0
DA:1491,0
DA:1492,0
DA:1493,0
DA:1890,0
DA:1949,0
DA:1952,0
DA:1955,0
DA:1958,0
DA:1961,0
DA:1964,0
DA:1967,0
DA:1970,0
DA:1973,0
DA:1975,0
DA:1977,0
DA:1979,0
DA:1982,0
DA:1985,0
DA:1989,0
DA:2043,0
DA:2050,0
DA:2051,0
DA:2054,0
DA:2056,0
DA:2058,0
DA:2060,0
DA:2063,0
DA:2066,0
DA:2069,0
DA:2072,0
DA:2075,0
DA:2078,0
DA:2080,0
DA:2082,0
DA:2084,0
DA:2087,0
DA:2090,0
DA:2091,0
DA:2092,0
DA:2093,0
DA:2095,0
DA:2097,0
DA:2099,0
DA:2102,0
DA:2105,0
DA:2108,0
DA:2109,0
DA:2112,0
DA:2115,0
DA:2116,0
DA:2120,0
DA:2121,0
DA:2155,0
DA:2160,0
DA:2163,0
DA:2166,0
DA:2169,0
DA:2172,0
DA:2175,0
DA:2177,0
DA:2179,0
DA:2181,0
DA:2184,0
DA:2187,0
DA:2190,0
DA:2191,0
DA:2192,0
DA:2194,0
DA:2196,0
DA:2198,0
DA:2201,0
DA:2204,0
DA:2207,0
DA:2210,0
DA:2213,0
DA:2214,0
DA:2266,1
DA:2273,1
DA:2274,1
DA:2277,1
DA:2280,2
DA:2283,1
DA:2286,2
DA:2289,1
DA:2291,1
DA:2293,0
DA:2295,0
DA:2298,0
DA:2299,0
DA:2301,1
DA:2303,1
DA:2305,0
DA:2307,0
DA:2310,0
DA:2313,0
DA:2314,0
DA:2315,0
DA:2316,0
DA:2318,1
DA:2320,1
DA:2322,1
DA:2325,1
DA:2328,1
DA:2331,2
DA:2332,2
DA:2335,0
DA:2338,0
DA:2339,0
DA:2341,0
DA:2342,0
DA:2394,1
DA:2400,1
DA:2403,0
DA:2406,0
DA:2409,0
DA:2412,0
DA:2415,1
DA:2417,1
DA:2419,0
DA:2421,0
DA:2424,1
DA:2427,2
DA:2430,1
DA:2431,3
DA:2433,1
DA:2434,1
DA:2436,1
DA:2437,3
DA:2439,0
DA:2442,0
DA:2443,0
DA:2444,0
DA:2445,0
DA:2447,1
DA:2449,1
DA:2451,0
DA:2453,0
DA:2455,1
DA:2458,2
DA:2461,0
DA:2464,0
DA:2465,0
DA:2493,1
DA:2499,2
DA:2502,0
DA:2505,0
DA:2508,1
DA:2511,1
DA:2514,0
DA:2517,0
DA:2518,0
DA:2519,0
DA:2520,0
DA:2522,1
DA:2524,1
DA:2526,1
DA:2529,2
DA:2532,0
DA:2535,0
DA:2571,1
DA:2574,1
DA:2577,1
DA:2580,1
DA:2583,1
DA:2586,0
DA:2587,0
DA:2589,0
DA:2592,0
DA:2594,1
DA:2596,1
DA:2598,1
DA:2601,1
DA:2604,1
DA:2608,0
DA:2666,0
DA:2672,0
DA:2675,0
DA:2678,0
DA:2681,0
DA:2684,0
DA:2687,0
DA:2689,0
DA:2691,0
DA:2693,0
DA:2696,0
DA:2699,0
DA:2700,0
DA:2701,0
DA:2702,0
DA:2704,0
DA:2706,0
DA:2708,0
DA:2711,0
DA:2714,0
DA:2717,0
DA:2718,0
DA:2771,0
DA:2776,0
DA:2777,0
DA:2780,0
DA:2783,0
DA:2786,0
DA:2789,0
DA:2792,0
DA:2795,0
DA:2797,0
DA:2800,0
DA:2803,0
DA:2805,0
DA:2807,0
DA:2809,0
DA:2812,0
DA:2815,0
DA:2816,0
DA:2817,0
DA:2819,0
DA:2822,0
DA:2824,0
DA:2826,0
DA:2829,0
DA:2832,0
DA:2835,0
DA:2836,0
DA:2839,0
DA:2842,0
DA:2843,0
DA:2845,0
DA:2852,0
DA:2889,0
DA:2894,0
DA:2897,0
DA:2900,0
DA:2903,0
DA:2906,0
DA:2909,0
DA:2911,0
DA:2913,0
DA:2915,0
DA:2918,0
DA:2921,0
DA:2922,0
DA:2923,0
DA:2925,0
DA:2927,0
DA:2929,0
DA:2932,0
DA:2935,0
DA:2938,0
DA:2939,0
DA:2983,0
DA:2990,0
DA:2991,0
DA:2994,0
DA:2997,0
DA:3000,0
DA:3003,0
DA:3006,0
DA:3008,0
DA:3010,0
DA:3012,0
DA:3015,0
DA:3018,0
DA:3020,0
DA:3022,0
DA:3024,0
DA:3027,0
DA:3028,0
DA:3030,0
DA:3033,0
DA:3034,0
DA:3035,0
DA:3036,0
DA:3038,0
DA:3040,0
DA:3042,0
DA:3044,0
DA:3047,0
DA:3052,0
DA:3053,0
DA:3054,0
DA:3056,0
DA:3059,0
DA:3060,0
DA:3063,0
DA:3067,0
DA:3069,0
DA:3074,0
DA:3077,0
DA:3078,0
DA:3081,0
DA:3084,0
DA:3085,0
DA:3087,0
DA:3088,0
DA:3184,0
DA:3199,0
DA:3200,0
DA:3201,0
DA:3202,0
DA:3205,0
DA:3208,0
DA:3211,0
DA:3212,0
DA:3214,0
DA:3217,0
DA:3220,0
DA:3221,0
DA:3223,0
DA:3226,0
DA:3227,0
DA:3229,0
DA:3232,0
DA:3235,0
DA:3237,0
DA:3239,0
DA:3241,0
DA:3244,0
DA:3247,0
DA:3250,0
DA:3252,0
DA:3254,0
DA:3256,0
DA:3259,0
DA:3261,0
DA:3263,0
DA:3265,0
DA:3268,0
DA:3270,0
DA:3272,0
DA:3274,0
DA:3277,0
DA:3280,0
DA:3281,0
DA:3282,0
DA:3283,0
DA:3284,0
DA:3285,0
DA:3286,0
DA:3287,0
DA:3288,0
DA:3289,0
DA:3291,0
DA:3293,0
DA:3295,0
DA:3298,0
DA:3299,0
DA:3300,0
DA:3301,0
DA:3304,0
DA:3307,0
DA:3308,0
DA:3312,0
DA:3313,0
DA:3317,0
DA:3318,0
DA:3322,0
DA:3323,0
DA:3358,0
DA:3361,0
DA:3364,0
DA:3367,0
DA:3369,0
DA:3372,0
DA:3375,0
DA:3378,0
DA:3380,0
DA:3382,0
DA:3385,0
DA:3387,0
DA:3391,0
DA:3403,0
DA:3404,0
DA:3405,0
DA:3406,0
DA:3407,0
DA:3408,0
DA:3409,0
DA:3410,0
DA:3411,0
DA:3412,0
DA:3420,0
DA:3421,0
DA:3425,0
DA:3429,0
DA:3435,0
DA:3436,0
DA:3439,1
DA:3441,3
DA:3445,0
DA:3446,0
DA:3449,1
DA:3451,3
DA:3455,0
DA:3456,0
DA:3465,1
DA:3634,1
DA:3661,1
DA:3662,1
DA:3663,1
DA:3664,1
DA:3665,1
DA:3666,2
DA:3669,1
DA:3672,1
DA:3675,1
DA:3677,1
DA:3679,0
DA:3681,0
DA:3684,1
DA:3687,1
DA:3690,1
DA:3693,1
DA:3696,1
DA:3699,1
DA:3702,1
DA:3705,1
DA:3708,1
DA:3711,1
DA:3714,1
DA:3716,1
DA:3718,0
DA:3720,0
DA:3723,1
DA:3725,1
DA:3727,0
DA:3729,0
DA:3732,1
DA:3734,1
DA:3736,0
DA:3738,0
DA:3741,1
DA:3743,1
DA:3745,0
DA:3747,0
DA:3750,0
DA:3753,0
DA:3754,0
DA:3755,0
DA:3756,0
DA:3757,0
DA:3758,0
DA:3759,0
DA:3760,0
DA:3761,0
DA:3762,0
DA:3763,0
DA:3764,0
DA:3765,0
DA:3766,0
DA:3767,0
DA:3768,0
DA:3769,0
DA:3770,0
DA:3771,0
DA:3773,1
DA:3775,1
DA:3777,1
DA:3780,1
DA:3781,2
DA:3782,2
DA:3783,1
DA:3784,2
DA:3785,1
DA:3786,2
DA:3789,0
DA:3792,0
DA:3795,0
DA:3796,0
DA:3800,0
DA:3801,0
DA:3805,0
DA:3806,0
DA:3810,0
DA:3811,0
DA:3815,0
DA:3816,0
DA:3820,0
DA:3838,1
DA:3959,0
DA:3982,0
DA:3983,0
DA:3984,0
DA:3985,0
DA:3988,0
DA:3991,0
DA:3994,0
DA:3997,0
DA:4000,0
DA:4003,0
DA:4006,0
DA:4009,0
DA:4012,0
DA:4015,0
DA:4018,0
DA:4021,0
DA:4023,0
DA:4025,0
DA:4027,0
DA:4030,0
DA:4032,0
DA:4034,0
DA:4036,0
DA:4039,0
DA:4041,0
DA:4043,0
DA:4045,0
DA:4048,0
DA:4050,0
DA:4052,0
DA:4054,0
DA:4057,0
DA:4060,0
DA:4061,0
DA:4062,0
DA:4063,0
DA:4064,0
DA:4065,0
DA:4066,0
DA:4067,0
DA:4068,0
DA:4069,0
DA:4070,0
DA:4071,0
DA:4072,0
DA:4073,0
DA:4074,0
DA:4075,0
DA:4077,0
DA:4079,0
DA:4081,0
DA:4084,0
DA:4085,0
DA:4086,0
DA:4087,0
DA:4088,0
DA:4091,0
DA:4094,0
DA:4097,0
DA:4098,0
DA:4102,0
DA:4103,0
DA:4105,0
DA:4106,0
DA:4108,0
DA:4109,0
DA:4147,1
DA:4149,0
DA:4150,0
DA:4222,1
DA:4230,2
DA:4233,1
DA:4234,2
DA:4236,0
DA:4237,0
DA:4239,0
DA:4240,0
DA:4242,0
DA:4244,0
DA:4245,0
DA:4246,0
DA:4248,1
DA:4249,1
DA:4251,1
DA:4253,2
DA:4256,0
DA:4258,0
DA:4315,0
DA:4321,0
DA:4324,0
DA:4327,0
DA:4330,0
DA:4333,0
DA:4336,0
DA:4339,0
DA:4341,0
DA:4343,0
DA:4345,0
DA:4348,0
DA:4351,0
DA:4352,0
DA:4353,0
DA:4355,0
DA:4357,0
DA:4359,0
DA:4362,0
DA:4365,0
DA:4368,0
DA:4369,0
DA:4503,1
DA:4514,2
DA:4515,2
DA:4516,2
DA:4519,1
DA:4520,1
DA:4522,1
DA:4523,1
DA:4525,0
DA:4527,0
DA:4528,0
DA:4529,0
DA:4532,0
DA:4534,0
DA:4537,0
DA:4542,1
DA:4544,1
DA:4545,3
DA:4548,1
DA:4551,0
DA:4552,0
DA:4554,0
DA:4555,0
DA:4558,0
DA:4560,0
DA:4561,0
DA:4564,0
DA:4566,0
DA:4567,0
DA:4568,0
DA:4569,0
DA:4573,1
DA:4574,4
DA:4577,5
DA:4578,2
DA:4579,3
DA:4582,1
DA:4583,1
DA:4585,0
DA:4587,0
DA:4589,0
DA:4593,0
DA:4596,0
DA:4601,1
DA:4603,1
DA:4604,1
DA:4605,2
DA:4606,2
DA:4608,0
DA:4609,0
DA:4610,0
DA:4611,0
DA:4612,0
DA:4617,0
DA:4619,0
DA:4620,0
DA:4622,0
DA:4623,0
DA:4647,1
DA:4772,0
DA:4782,0
DA:4783,0
DA:4784,0
DA:4787,0
DA:4790,0
DA:4793,0
DA:4795,0
DA:4797,0
DA:4799,0
DA:4802,0
DA:4804,0
DA:4806,0
DA:4808,0
DA:4811,0
DA:4814,0
DA:4817,0
DA:4820,0
DA:4822,0
DA:4824,0
DA:4826,0
DA:4829,0
DA:4832,0
DA:4833,0
DA:4834,0
DA:4835,0
DA:4836,0
DA:4837,0
DA:4839,0
DA:4842,0
DA:4844,0
DA:4847,0
DA:4850,0
DA:4853,0
DA:4854,0
DA:4855,0
DA:4858,0
DA:4861,0
DA:4862,0
DA:4864,0
DA:4865,0
DA:4867,0
DA:4868,0
DA:4955,0
DA:4967,0
DA:4968,0
DA:4969,0
DA:4972,0
DA:4975,0
DA:4978,0
DA:4981,0
DA:4984,0
DA:4986,0
DA:4988,0
DA:4990,0
DA:4993,0
DA:4995,0
DA:4997,0
DA:4999,0
DA:5002,0
DA:5004,0
DA:5006,0
DA:5008,0
DA:5011,0
DA:5014,0
DA:5015,0
DA:5016,0
DA:5017,0
DA:5018,0
DA:5019,0
DA:5020,0
DA:5021,0
DA:5023,0
DA:5025,0
DA:5027,0
DA:5030,0
DA:5031,0
DA:5032,0
DA:5035,0
DA:5038,0
DA:5039,0
DA:5041,0
DA:5042,0
DA:5046,0
DA:5047,0
DA:5057,1
DA:5058,2
DA:5061,0
DA:5062,0
DA:5111,0
DA:5116,0
DA:5119,0
DA:5122,0
DA:5125,0
DA:5128,0
DA:5131,0
DA:5134,0
DA:5136,0
DA:5138,0
DA:5140,0
DA:5143,0
DA:5146,0
DA:5149,0
DA:5150,0
DA:5151,0
DA:5153,0
DA:5155,0
DA:5157,0
DA:5160,0
DA:5161,0
DA:5164,0
DA:5169,0
DA:5170,0
DA:5173,0
DA:5175,0
DA:5176,0
DA:5180,0
DA:5183,0
DA:5186,0
DA:5189,0
DA:5190,0
DA:5334,1
DA:5354,1
DA:5355,1
[...]
DA:18,0
DA:30,0
DA:37,0
DA:38,0
DA:39,0
DA:48,0
DA:49,0
DA:50,0
DA:51,0
DA:52,0
DA:53,0
DA:54,0
DA:55,0
DA:59,0
DA:60,0
DA:64,0
DA:65,0
DA:66,0
DA:69,0
DA:72,0
DA:73,0
DA:78,0
DA:83,0
DA:84,0
DA:88,0
DA:89,0
DA:92,0
DA:95,0
DA:98,0
DA:101,0
DA:104,0
DA:108,0
DA:111,0
DA:114,0
DA:117,0
LF:35
LH:0
end_of_record
SF:/Users/scheglov/Source/Dart/sdk.git/sdk/pkg/analyzer/lib/src/generated/utilities_collection_native.dart
DA:16,1
DA:17,1
DA:18,1
DA:20,1
DA:21,2
DA:25,1
DA:26,1
DA:27,1
DA:29,1
DA:31,2
DA:33,3
DA:37,1
DA:38,1
DA:42,1
DA:43,2
DA:44,0
LF:16
LH:15
end_of_record
SF:/Users/scheglov/Source/Dart/sdk.git/sdk/pkg/analyzer/lib/dart/sdk/build_sdk_summary.dart
DA:23,0
DA:28,0
DA:30,0
DA:35,0
DA:36,0
DA:37,0
DA:38,0
DA:39,0
DA:40,0
DA:41,0
DA:42,0
DA:43,0
DA:44,0
DA:49,0
DA:50,0
DA:51,0
DA:52,0
DA:53,0
DA:58,0
DA:60,0
DA:62,0
DA:64,0
DA:65,0
DA:67,0
DA:68,0
DA:69,0
DA:70,0
LF:27
LH:0
end_of_record
SF:/Users/scheglov/Source/Dart/sdk.git/sdk/pkg/analyzer/lib/src/test_utilities/mock_sdk.dart
DA:12,4
DA:13,1
DA:80,1
DA:120,4
DA:121,1
DA:128,4
DA:129,1
DA:227,4
DA:228,1
DA:255,4
DA:256,1
DA:718,4
DA:719,1
DA:1089,4
DA:1090,1
DA:1292,4
DA:1293,1
DA:1298,4
DA:1299,1
DA:1326,4
DA:1327,1
DA:1427,4
DA:1428,1
DA:1452,4
DA:1453,1
DA:1460,4
DA:1461,1
DA:1477,4
DA:1478,1
DA:1525,4
DA:1526,1
DA:1551,4
DA:1552,1
DA:1573,4
DA:1574,1
DA:1577,3
DA:1578,1
DA:1579,1
DA:1580,1
DA:1581,1
DA:1582,1
DA:1583,1
DA:1584,1
DA:1585,1
DA:1586,1
DA:1587,1
DA:1588,1
DA:1589,1
DA:1590,1
DA:1591,1
DA:1592,1
DA:1593,1
DA:1594,1
DA:1601,1
DA:1606,1
DA:1607,1
DA:1609,1
DA:1610,3
DA:1611,2
DA:1613,1
DA:1614,1
DA:1616,4
DA:1617,2
DA:1618,2
DA:1619,2
DA:1621,2
DA:1622,2
DA:1623,1
DA:1627,1
DA:1629,1
DA:1630,2
DA:1633,1
DA:1634,1
DA:1635,2
DA:1637,1
DA:1638,1
DA:1640,1
DA:1641,1
DA:1643,1
DA:1653,1
DA:1655,0
DA:1656,0
DA:1658,0
DA:1659,0
DA:1661,0
DA:1662,0
DA:1664,0
DA:1665,0
DA:1667,0
DA:1668,0
DA:1670,0
DA:1671,0
DA:1673,0
DA:1674,0
DA:1676,1
DA:1677,3
DA:1679,0
DA:1680,0
DA:1687,1
LF:99
LH:83
end_of_record
SF:/Users/scheglov/Source/Dart/sdk.git/sdk/pkg/analyzer/lib/utilities/package_config_file_builder.dart
DA:19,1
DA:25,2
DA:26,0
DA:28,2
DA:29,1
DA:39,1
DA:40,1
DA:41,3
DA:46,1
DA:47,1
DA:49,1
DA:51,1
DA:52,2
DA:53,2
DA:55,4
DA:56,2
DA:58,1
DA:59,2
DA:61,1
DA:62,3
DA:64,3
DA:65,2
DA:67,1
DA:68,3
DA:70,1
DA:71,0
DA:72,0
DA:75,1
DA:77,1
DA:78,1
DA:79,5
DA:82,1
DA:83,1
DA:85,1
DA:95,1
LF:35
LH:32
end_of_record
SF:/Users/scheglov/Source/Dart/sdk.git/sdk/pkg/analyzer/lib/src/test_utilities/find_element2.dart
DA:16,0
DA:18,0
DA:19,0
DA:21,0
DA:24,0
DA:25,0
DA:26,0
DA:28,0
DA:37,0
DA:40,0
DA:41,0
DA:44,0
DA:45,0
DA:46,0
DA:50,0
DA:53,0
DA:56,0
DA:57,0
DA:58,0
DA:59,0
DA:63,0
DA:72,0
DA:75,0
DA:76,0
DA:77,0
DA:80,0
DA:83,0
DA:84,0
DA:86,0
DA:92,0
DA:93,0
DA:94,0
DA:95,0
DA:101,0
DA:106,0
DA:109,0
DA:110,0
DA:111,0
DA:112,0
DA:113,0
DA:115,0
DA:124,0
DA:129,0
DA:132,0
DA:133,0
DA:135,0
DA:141,0
DA:142,0
DA:143,0
DA:144,0
DA:146,0
DA:147,0
DA:149,0
DA:150,0
DA:152,0
DA:153,0
DA:159,0
DA:164,0
DA:168,0
DA:169,0
DA:170,0
DA:172,0
DA:179,0
DA:180,0
DA:181,0
DA:185,0
DA:186,0
DA:187,0
DA:188,0
DA:189,0
DA:190,0
DA:194,0
DA:195,0
DA:196,0
DA:198,0
DA:199,0
DA:200,0
DA:201,0
DA:203,0
DA:204,0
DA:205,0
DA:206,0
DA:209,0
DA:210,0
DA:211,0
DA:212,0
DA:216,0
DA:217,0
DA:218,0
DA:220,0
DA:221,0
DA:230,0
DA:233,0
DA:236,0
DA:237,0
DA:238,0
DA:239,0
DA:240,0
DA:242,0
DA:252,0
DA:255,0
DA:256,0
DA:257,0
DA:260,0
DA:261,0
DA:262,0
DA:263,0
DA:268,0
DA:271,0
DA:274,0
DA:275,0
DA:276,0
DA:277,0
DA:278,0
DA:280,0
DA:291,0
DA:299,0
DA:301,0
DA:303,0
DA:305,0
DA:308,0
DA:315,0
DA:319,0
DA:323,0
DA:324,0
DA:325,0
DA:329,0
DA:332,0
DA:333,0
DA:334,0
DA:338,0
DA:339,0
DA:343,0
DA:346,0
DA:351,0
DA:352,0
DA:353,0
DA:355,0
DA:362,0
DA:363,0
DA:364,0
DA:368,0
DA:369,0
DA:370,0
DA:374,0
DA:375,0
DA:376,0
DA:383,0
DA:386,0
DA:387,0
DA:388,0
DA:392,0
DA:395,0
DA:396,0
DA:397,0
DA:401,0
DA:404,0
DA:405,0
DA:406,0
DA:410,0
DA:413,0
DA:414,0
DA:416,0
DA:417,0
DA:421,0
DA:422,0
DA:424,0
DA:425,0
DA:429,0
DA:430,0
DA:432,0
DA:433,0
DA:437,0
DA:438,0
DA:439,0
DA:443,0
DA:446,0
DA:449,0
DA:450,0
DA:451,0
DA:452,0
DA:454,0
DA:465,0
DA:468,0
DA:469,0
DA:471,0
DA:472,0
DA:476,0
DA:477,0
DA:478,0
DA:482,0
DA:485,0
DA:486,0
DA:489,0
DA:490,0
DA:493,0
DA:494,0
DA:495,0
DA:499,0
DA:502,0
DA:503,0
DA:504,0
DA:508,0
DA:511,0
DA:512,0
DA:515,0
DA:516,0
DA:518,0
DA:522,0
DA:523,0
DA:524,0
DA:528,0
DA:531,0
DA:536,0
DA:537,0
DA:540,0
DA:541,0
DA:542,0
DA:543,0
DA:544,0
DA:548,0
DA:549,0
DA:550,0
DA:551,0
DA:553,0
DA:558,0
DA:559,0
DA:561,0
DA:567,0
DA:568,0
DA:569,0
DA:578,0
DA:579,0
DA:580,0
DA:584,0
DA:587,0
DA:588,0
DA:589,0
DA:590,0
DA:594,0
LF:240
LH:0
end_of_record
SF:/Users/scheglov/Source/Dart/sdk.git/sdk/pkg/analyzer/lib/src/test_utilities/find_node.dart
DA:15,0
DA:17,0
DA:18,0
DA:19,0
DA:23,0
DA:25,0
DA:27,0
DA:29,0
DA:31,0
DA:33,0
DA:35,0
DA:37,0
DA:39,0
DA:41,0
DA:43,0
DA:45,0
DA:47,0
DA:49,0
DA:51,0
DA:53,0
DA:55,0
DA:56,0
DA:58,0
DA:59,0
DA:61,0
DA:63,0
DA:65,0
DA:67,0
DA:69,0
DA:71,0
DA:73,0
DA:75,0
DA:77,0
DA:79,0
DA:81,0
DA:83,0
DA:85,0
DA:87,0
DA:89,0
DA:91,0
DA:92,0
DA:94,0
DA:95,0
DA:97,0
DA:99,0
DA:101,0
DA:102,0
DA:104,0
DA:106,0
DA:108,0
DA:110,0
DA:112,0
DA:114,0
DA:116,0
DA:118,0
DA:120,0
DA:122,0
DA:124,0
DA:126,0
DA:128,0
DA:130,0
DA:132,0
DA:134,0
DA:136,0
DA:138,0
DA:140,0
DA:142,0
DA:144,0
DA:146,0
DA:148,0
DA:150,0
DA:152,0
DA:154,0
DA:155,0
DA:157,0
DA:159,0
DA:161,0
DA:163,0
DA:165,0
DA:167,0
DA:168,0
DA:170,0
DA:171,0
DA:173,0
DA:175,0
DA:177,0
DA:179,0
DA:181,0
DA:183,0
DA:185,0
DA:187,0
DA:189,0
DA:191,0
DA:193,0
DA:194,0
DA:196,0
DA:198,0
DA:200,0
DA:201,0
DA:203,0
DA:205,0
DA:207,0
DA:208,0
DA:211,0
DA:212,0
DA:215,0
DA:216,0
DA:219,0
DA:220,0
DA:223,0
DA:224,0
DA:227,0
DA:228,0
DA:231,0
DA:232,0
DA:235,0
DA:236,0
DA:239,0
DA:240,0
DA:243,0
DA:244,0
DA:247,0
DA:248,0
DA:251,0
DA:252,0
DA:253,0
DA:256,0
DA:257,0
DA:260,0
DA:261,0
DA:264,0
DA:265,0
DA:268,0
DA:269,0
DA:272,0
DA:273,0
DA:276,0
DA:277,0
DA:280,0
DA:281,0
DA:284,0
DA:285,0
DA:288,0
DA:289,0
DA:292,0
DA:293,0
DA:296,0
DA:297,0
DA:300,0
DA:301,0
DA:304,0
DA:305,0
DA:308,0
DA:309,0
DA:312,0
DA:313,0
DA:316,0
DA:317,0
DA:320,0
DA:321,0
DA:324,0
DA:325,0
DA:328,0
DA:329,0
DA:332,0
DA:333,0
DA:336,0
DA:337,0
DA:340,0
DA:341,0
DA:344,0
DA:345,0
DA:348,0
DA:349,0
DA:352,0
DA:353,0
DA:356,0
DA:357,0
DA:360,0
DA:361,0
DA:364,0
DA:365,0
DA:368,0
DA:371,0
DA:374,0
DA:375,0
DA:378,0
DA:379,0
DA:382,0
DA:383,0
DA:386,0
DA:387,0
DA:390,0
DA:391,0
DA:394,0
DA:395,0
DA:398,0
DA:399,0
DA:402,0
DA:403,0
DA:406,0
DA:407,0
DA:410,0
DA:411,0
DA:414,0
DA:415,0
DA:418,0
DA:419,0
DA:422,0
DA:423,0
DA:426,0
DA:427,0
DA:430,0
DA:431,0
DA:434,0
DA:435,0
DA:438,0
DA:439,0
DA:442,0
DA:443,0
DA:446,0
DA:447,0
DA:450,0
DA:451,0
DA:454,0
DA:455,0
DA:458,0
DA:461,0
DA:462,0
DA:464,0
DA:469,0
DA:470,0
DA:473,0
DA:474,0
DA:477,0
DA:478,0
DA:481,0
DA:482,0
DA:485,0
DA:486,0
DA:489,0
DA:490,0
DA:493,0
DA:494,0
DA:497,0
DA:498,0
DA:501,0
DA:502,0
DA:505,0
DA:506,0
DA:509,0
DA:510,0
DA:513,0
DA:514,0
DA:517,0
DA:518,0
DA:521,0
DA:522,0
DA:525,0
DA:526,0
DA:529,0
DA:530,0
DA:533,0
DA:534,0
DA:537,0
DA:538,0
DA:541,0
DA:542,0
DA:545,0
DA:546,0
DA:549,0
DA:550,0
DA:553,0
DA:554,0
DA:557,0
DA:558,0
DA:561,0
DA:562,0
DA:565,0
DA:566,0
DA:569,0
DA:570,0
DA:573,0
DA:574,0
DA:577,0
DA:578,0
DA:581,0
DA:582,0
DA:585,0
DA:586,0
DA:589,0
DA:590,0
DA:593,0
DA:594,0
DA:597,0
DA:598,0
DA:601,0
DA:602,0
DA:605,0
DA:606,0
DA:609,0
DA:610,0
DA:613,0
DA:614,0
DA:617,0
DA:618,0
DA:621,0
DA:622,0
DA:625,0
DA:626,0
DA:629,0
DA:630,0
DA:633,0
DA:634,0
DA:637,0
DA:638,0
DA:641,0
DA:642,0
DA:645,0
DA:646,0
DA:649,0
DA:650,0
DA:653,0
DA:654,0
DA:657,0
DA:658,0
DA:661,0
DA:662,0
DA:665,0
DA:666,0
DA:671,0
DA:672,0
DA:673,0
DA:674,0
DA:676,0
DA:677,0
DA:682,0
DA:683,0
DA:686,0
DA:687,0
DA:690,0
DA:691,0
DA:694,0
DA:695,0
DA:698,0
DA:699,0
DA:702,0
DA:703,0
DA:706,0
DA:707,0
DA:710,0
DA:711,0
DA:714,0
DA:717,0
DA:720,0
DA:721,0
DA:724,0
DA:725,0
DA:728,0
DA:729,0
DA:732,0
DA:733,0
DA:736,0
DA:737,0
DA:740,0
DA:741,0
DA:744,0
DA:745,0
DA:748,0
DA:751,0
DA:754,0
DA:755,0
DA:758,0
DA:759,0
DA:762,0
DA:763,0
DA:766,0
DA:767,0
DA:770,0
DA:771,0
DA:774,0
DA:775,0
DA:778,0
DA:779,0
DA:782,0
DA:783,0
DA:786,0
DA:787,0
DA:790,0
DA:791,0
DA:794,0
DA:795,0
DA:798,0
DA:799,0
DA:802,0
DA:803,0
DA:806,0
DA:807,0
DA:810,0
DA:811,0
DA:814,0
DA:815,0
DA:818,0
DA:819,0
DA:822,0
DA:823,0
DA:826,0
DA:827,0
DA:830,0
DA:831,0
DA:834,0
DA:835,0
DA:838,0
DA:839,0
DA:842,0
DA:843,0
DA:846,0
DA:847,0
DA:850,0
DA:851,0
DA:854,0
DA:855,0
DA:858,0
DA:859,0
DA:860,0
DA:861,0
DA:862,0
DA:868,0
DA:871,0
DA:872,0
DA:875,0
DA:876,0
DA:879,0
DA:880,0
DA:883,0
DA:884,0
DA:887,0
DA:888,0
DA:891,0
DA:892,0
DA:895,0
DA:896,0
DA:899,0
DA:900,0
DA:903,0
DA:904,0
DA:907,0
DA:908,0
DA:911,0
DA:912,0
DA:915,0
DA:916,0
DA:919,0
DA:920,0
DA:923,0
DA:924,0
DA:927,0
DA:928,0
DA:936,0
DA:941,0
DA:943,0
DA:945,0
DA:946,0
DA:950,0
DA:952,0
DA:953,0
DA:961,0
DA:962,0
DA:963,0
DA:964,0
DA:972,0
DA:974,0
DA:975,0
DA:977,0
LF:474
LH:0
end_of_record
SF:/Users/scheglov/Source/Dart/sdk.git/sdk/pkg/analyzer/lib/src/test_utilities/function_ast_visitor.dart
DA:35,0
DA:60,0
DA:62,0
DA:63,0
DA:66,0
DA:68,0
DA:69,0
DA:72,0
DA:74,0
DA:75,0
DA:77,0
DA:80,0
DA:82,0
DA:83,0
DA:86,0
DA:88,0
DA:89,0
DA:91,0
DA:94,0
DA:96,0
DA:97,0
DA:99,0
DA:102,0
DA:104,0
DA:105,0
DA:107,0
DA:110,0
DA:112,0
DA:114,0
DA:115,0
DA:116,0
DA:118,0
DA:121,0
DA:123,0
DA:124,0
DA:127,0
DA:129,0
DA:130,0
DA:133,0
DA:135,0
DA:136,0
DA:139,0
DA:141,0
DA:142,0
DA:144,0
DA:147,0
DA:149,0
DA:150,0
DA:152,0
DA:155,0
DA:157,0
DA:158,0
DA:161,0
DA:163,0
DA:164,0
DA:167,0
DA:171,0
DA:172,0
DA:175,0
DA:177,0
DA:178,0
DA:180,0
DA:183,0
DA:185,0
DA:186,0
DA:189,0
DA:191,0
DA:192,0
DA:195,0
DA:197,0
DA:198,0
DA:201,0
DA:203,0
DA:204,0
DA:207,0
DA:209,0
DA:210,0
DA:212,0
LF:78
LH:0
end_of_record
SF:/Users/scheglov/Source/Dart/sdk.git/sdk/pkg/analyzer/lib/src/dart/micro/resolve_file.dart
DA:53,0
DA:59,0
DA:61,0
DA:63,0
DA:64,0
DA:67,0
DA:70,0
DA:71,0
DA:73,0
DA:74,0
DA:76,0
DA:79,0
DA:80,0
DA:85,0
DA:86,0
DA:98,0
DA:103,0
DA:105,0
DA:106,0
DA:115,0
DA:117,0
DA:119,0
DA:120,0
DA:121,0
DA:122,0
DA:129,0
DA:131,0
DA:133,0
DA:134,0
DA:135,0
DA:136,0
DA:137,0
DA:140,0
DA:142,0
DA:150,0
DA:199,0
DA:202,0
DA:218,0
DA:219,0
DA:224,0
DA:228,0
DA:229,0
DA:233,0
DA:234,0
DA:239,0
DA:241,0
DA:246,0
DA:247,0
DA:248,0
DA:249,0
DA:254,0
DA:258,0
DA:259,0
DA:261,0
DA:265,0
DA:266,0
DA:267,0
DA:268,0
DA:269,0
DA:270,0
DA:271,0
DA:272,0
DA:273,0
DA:276,0
DA:277,0
DA:278,0
DA:279,0
DA:280,0
DA:283,0
DA:290,0
DA:292,0
DA:293,0
DA:294,0
DA:295,0
DA:298,0
DA:299,0
DA:301,0
DA:302,0
DA:304,0
DA:305,0
DA:312,0
DA:316,0
DA:318,0
DA:320,0
DA:321,0
DA:322,0
DA:323,0
DA:325,0
DA:326,0
DA:327,0
DA:328,0
DA:331,0
DA:333,0
DA:335,0
DA:336,0
DA:337,0
DA:339,0
DA:340,0
DA:342,0
DA:344,0
DA:345,0
DA:346,0
DA:350,0
DA:351,0
DA:352,0
DA:353,0
DA:354,0
DA:355,0
DA:356,0
DA:357,0
DA:359,0
DA:364,0
DA:368,0
DA:369,0
DA:370,0
DA:373,0
DA:374,0
DA:377,0
DA:378,0
DA:381,0
DA:386,0
DA:387,0
DA:391,0
DA:394,0
DA:398,0
DA:400,0
DA:401,0
DA:404,0
DA:407,0
DA:408,0
DA:410,0
DA:411,0
DA:412,0
DA:415,0
DA:416,0
DA:419,0
DA:422,0
DA:423,0
DA:425,0
DA:428,0
DA:429,0
DA:451,0
DA:452,0
DA:454,0
DA:456,0
DA:457,0
DA:458,0
DA:461,0
DA:465,0
DA:468,0
DA:471,0
DA:472,0
DA:477,0
DA:478,0
DA:479,0
DA:480,0
DA:488,0
DA:489,0
DA:490,0
DA:491,0
DA:493,0
DA:494,0
DA:497,0
DA:501,0
DA:503,0
DA:505,0
DA:506,0
DA:507,0
DA:509,0
DA:510,0
DA:512,0
DA:513,0
DA:516,0
DA:517,0
DA:520,0
DA:521,0
DA:522,0
DA:530,0
DA:536,0
DA:538,0
DA:540,0
DA:541,0
DA:542,0
DA:543,0
DA:545,0
DA:546,0
DA:548,0
DA:553,0
DA:555,0
DA:556,0
DA:557,0
DA:559,0
DA:561,0
DA:562,0
DA:563,0
DA:566,0
DA:567,0
DA:568,0
DA:570,0
DA:572,0
DA:576,0
DA:577,0
DA:585,0
DA:587,0
DA:589,0
DA:590,0
DA:591,0
DA:592,0
DA:593,0
DA:595,0
DA:601,0
DA:605,0
DA:607,0
DA:609,0
DA:614,0
DA:615,0
DA:616,0
DA:617,0
DA:619,0
DA:624,0
DA:628,0
DA:629,0
DA:630,0
DA:633,0
DA:634,0
DA:635,0
DA:638,0
DA:639,0
DA:640,0
DA:642,0
DA:644,0
DA:648,0
DA:649,0
DA:654,0
DA:655,0
DA:656,0
DA:657,0
DA:659,0
DA:660,0
DA:662,0
DA:664,0
DA:665,0
DA:666,0
DA:667,0
DA:671,0
DA:689,0
DA:690,0
DA:691,0
DA:696,0
DA:697,0
DA:698,0
DA:699,0
DA:700,0
DA:701,0
DA:703,0
DA:704,0
DA:705,0
DA:706,0
DA:707,0
DA:710,0
DA:711,0
DA:712,0
DA:714,0
DA:715,0
DA:716,0
DA:717,0
DA:718,0
DA:720,0
DA:721,0
DA:722,0
DA:723,0
DA:725,0
DA:726,0
DA:727,0
DA:728,0
DA:729,0
DA:733,0
DA:734,0
DA:735,0
DA:736,0
DA:738,0
DA:741,0
DA:743,0
DA:746,0
DA:747,0
DA:748,0
DA:751,0
DA:752,0
DA:754,0
DA:755,0
DA:756,0
DA:757,0
DA:758,0
DA:760,0
DA:761,0
DA:764,0
DA:765,0
DA:777,0
DA:783,0
DA:785,0
DA:786,0
DA:790,0
DA:791,0
DA:792,0
DA:797,0
DA:799,0
DA:800,0
DA:804,0
DA:805,0
DA:807,0
DA:811,0
DA:819,0
DA:820,0
DA:822,0
DA:823,0
DA:831,0
DA:832,0
DA:833,0
DA:836,0
DA:840,0
DA:846,0
DA:850,0
DA:851,0
DA:856,0
DA:857,0
DA:858,0
DA:859,0
DA:869,0
DA:872,0
DA:873,0
DA:874,0
DA:875,0
DA:876,0
DA:877,0
DA:878,0
DA:881,0
DA:882,0
DA:884,0
DA:885,0
DA:886,0
DA:887,0
DA:888,0
DA:892,0
DA:893,0
DA:898,0
DA:899,0
DA:900,0
DA:901,0
DA:918,0
DA:919,0
DA:927,0
LF:351
LH:0
end_of_record
SF:/Users/scheglov/Source/Dart/sdk.git/sdk/pkg/analyzer/lib/src/clients/build_resolvers/build_resolvers.dart
DA:41,0
DA:50,0
DA:51,0
DA:53,0
DA:55,0
DA:56,0
DA:58,0
DA:59,0
DA:60,0
DA:62,0
DA:63,0
DA:76,0
DA:78,0
DA:86,0
DA:88,0
DA:89,0
DA:93,0
DA:94,0
DA:99,0
DA:100,0
DA:111,0
DA:112,0
DA:116,0
DA:117,0
DA:118,0
LF:25
LH:0
end_of_record
SF:/Users/scheglov/Source/Dart/sdk.git/sdk/pkg/analyzer/lib/src/dart/micro/analysis_context.dart
DA:25,0
DA:32,0
DA:34,0
DA:40,0
DA:49,0
DA:50,0
DA:52,0
DA:64,0
DA:70,0
DA:71,0
DA:80,0
DA:82,0
DA:84,0
DA:85,0
DA:87,0
DA:90,0
DA:91,0
DA:93,0
DA:96,0
DA:98,0
DA:99,0
DA:100,0
DA:102,0
DA:105,0
DA:107,0
DA:109,0
DA:111,0
DA:112,0
DA:113,0
DA:114,0
DA:117,0
DA:121,0
DA:122,0
DA:142,0
DA:151,0
DA:154,0
DA:155,0
DA:157,0
DA:158,0
DA:175,0
DA:179,0
DA:181,0
DA:183,0
DA:185,0
DA:187,0
DA:188,0
DA:189,0
DA:193,0
DA:195,0
DA:198,0
DA:201,0
DA:203,0
DA:206,0
DA:208,0
DA:211,0
DA:212,0
DA:219,0
DA:221,0
DA:223,0
DA:226,0
DA:228,0
LF:61
LH:0
end_of_record
SF:/Users/scheglov/Source/Dart/sdk.git/sdk/pkg/analyzer/lib/src/dart/micro/utils.dart
DA:14,0
DA:18,0
DA:19,0
DA:21,0
DA:22,0
DA:24,0
DA:30,0
DA:31,0
DA:32,0
DA:33,0
DA:35,0
DA:38,0
DA:39,0
DA:40,0
DA:41,0
DA:43,0
DA:45,0
DA:46,0
DA:55,0
DA:59,0
DA:60,0
DA:61,0
DA:63,0
DA:64,0
DA:65,0
DA:67,0
DA:73,0
DA:82,0
DA:84,0
DA:85,0
DA:86,0
DA:92,0
DA:94,0
DA:95,0
DA:97,0
DA:99,0
DA:100,0
DA:108,0
DA:109,0
DA:110,0
DA:120,0
DA:124,0
DA:125,0
DA:132,0
DA:133,0
DA:134,0
DA:135,0
DA:136,0
DA:143,0
DA:144,0
DA:145,0
DA:159,0
DA:165,0
DA:168,0
DA:172,0
DA:173,0
DA:174,0
DA:175,0
DA:177,0
DA:181,0
DA:185,0
DA:189,0
DA:190,0
DA:193,0
DA:194,0
DA:201,0
DA:202,0
DA:205,0
DA:206,0
DA:209,0
DA:210,0
DA:211,0
DA:214,0
DA:215,0
DA:216,0
DA:217,0
DA:218,0
DA:230,0
DA:266,1
DA:268,0
DA:269,0
DA:276,0
DA:278,0
DA:280,0
DA:281,0
DA:283,0
DA:284,0
DA:285,0
DA:286,0
DA:288,0
DA:289,0
DA:290,0
DA:291,0
DA:292,0
DA:293,0
DA:297,0
DA:298,0
DA:299,0
DA:300,0
DA:306,0
DA:307,0
DA:308,0
DA:309,0
DA:310,0
DA:311,0
DA:312,0
DA:320,0
DA:322,0
DA:323,0
DA:324,0
DA:325,0
DA:326,0
DA:327,0
DA:328,0
DA:329,0
DA:332,0
DA:333,0
DA:337,0
DA:340,0
DA:342,0
DA:347,0
DA:349,0
DA:350,0
DA:351,0
DA:352,0
DA:353,0
DA:354,0
DA:360,0
DA:361,0
DA:362,0
DA:365,0
DA:368,0
DA:370,0
DA:371,0
DA:375,0
DA:376,0
DA:378,0
DA:383,0
DA:384,0
DA:385,0
DA:387,0
DA:390,0
DA:391,0
DA:393,0
DA:394,0
DA:395,0
DA:399,0
DA:401,0
DA:402,0
DA:405,0
DA:407,0
DA:408,0
DA:410,0
DA:414,0
DA:417,0
DA:421,0
DA:423,0
DA:424,0
DA:425,0
DA:429,0
DA:430,0
DA:433,0
DA:437,0
DA:438,0
DA:439,0
DA:440,0
DA:441,0
DA:442,0
DA:444,0
DA:445,0
DA:450,0
DA:452,0
DA:455,0
DA:456,0
DA:457,0
DA:458,0
DA:459,0
DA:460,0
DA:469,0
DA:473,0
DA:475,0
DA:476,0
DA:477,0
DA:478,0
DA:479,0
DA:480,0
DA:482,0
DA:483,0
LF:188
LH:1
end_of_record
SF:/Users/scheglov/Source/Dart/sdk.git/sdk/pkg/analyzer/lib/src/dart/ast/element_locator.dart
DA:14,0
DA:17,0
DA:18,0
DA:24,0
DA:26,0
DA:29,0
DA:31,0
DA:34,0
DA:36,0
DA:39,0
DA:41,0
DA:44,0
DA:46,0
DA:49,0
DA:51,0
DA:54,0
DA:56,0
DA:59,0
DA:61,0
DA:64,0
DA:66,0
DA:69,0
DA:71,0
DA:72,0
DA:73,0
DA:74,0
DA:75,0
DA:81,0
DA:83,0
DA:86,0
DA:88,0
DA:91,0
DA:95,0
DA:98,0
DA:100,0
DA:103,0
DA:105,0
DA:108,0
DA:110,0
DA:113,0
DA:115,0
DA:118,0
DA:120,0
DA:123,0
DA:125,0
DA:128,0
DA:130,0
DA:133,0
DA:135,0
DA:138,0
DA:140,0
DA:143,0
DA:145,0
DA:148,0
DA:150,0
DA:153,0
DA:155,0
DA:158,0
DA:160,0
DA:161,0
DA:163,0
DA:164,0
DA:166,0
DA:168,0
DA:170,0
DA:172,0
DA:174,0
DA:175,0
DA:176,0
DA:178,0
DA:179,0
DA:181,0
DA:182,0
DA:183,0
DA:184,0
DA:185,0
DA:186,0
DA:189,0
DA:190,0
DA:191,0
DA:192,0
DA:196,0
DA:199,0
DA:201,0
DA:204,0
DA:206,0
DA:209,0
DA:211,0
DA:214,0
DA:216,0
DA:219,0
DA:221,0
DA:224,0
DA:226,0
DA:229,0
DA:231,0
DA:234,0
DA:236,0
DA:239,0
DA:241,0
DA:244,0
DA:246,0
DA:249,0
DA:251,0
DA:254,0
DA:256,0
DA:257,0
DA:258,0
DA:264,0
DA:266,0
DA:269,0
DA:271,0
DA:274,0
DA:276,0
DA:279,0
DA:283,0
DA:284,0
DA:287,0
DA:289,0
DA:292,0
DA:294,0
DA:295,0
DA:296,0
DA:297,0
DA:298,0
DA:299,0
DA:305,0
DA:307,0
DA:310,0
DA:312,0
LF:130
LH:0
end_of_record
SF:/Users/scheglov/Source/Dart/sdk.git/sdk/pkg/analyzer/lib/src/dart/resolver/exit_detector.dart
DA:27,0
DA:29,0
DA:31,0
DA:32,0
DA:34,0
DA:37,0
DA:40,0
DA:42,0
DA:43,0
DA:46,0
DA:47,0
DA:48,0
DA:49,0
DA:52,0
DA:55,0
DA:58,0
DA:60,0
DA:62,0
DA:64,0
DA:65,0
DA:66,0
DA:72,0
DA:73,0
DA:74,0
DA:75,0
DA:78,0
DA:82,0
DA:83,0
DA:84,0
DA:85,0
DA:88,0
DA:92,0
DA:93,0
DA:95,0
DA:98,0
DA:99,0
DA:101,0
DA:102,0
DA:104,0
DA:106,0
DA:107,0
DA:108,0
DA:113,0
DA:115,0
DA:117,0
DA:119,0
DA:120,0
DA:121,0
DA:125,0
DA:128,0
DA:131,0
DA:134,0
DA:136,0
DA:140,0
DA:142,0
DA:143,0
DA:144,0
DA:145,0
DA:147,0
DA:149,0
DA:155,0
DA:156,0
DA:160,0
DA:162,0
DA:168,0
DA:169,0
DA:173,0
DA:176,0
DA:178,0
DA:180,0
DA:183,0
DA:185,0
DA:186,0
DA:188,0
DA:189,0
DA:190,0
DA:191,0
DA:194,0
DA:195,0
DA:196,0
DA:200,0
DA:201,0
DA:204,0
DA:207,0
DA:213,0
DA:214,0
DA:216,0
DA:221,0
DA:222,0
DA:227,0
DA:231,0
DA:236,0
DA:238,0
DA:239,0
DA:240,0
DA:242,0
DA:243,0
DA:248,0
DA:255,0
DA:256,0
DA:257,0
DA:258,0
DA:259,0
DA:260,0
DA:261,0
DA:262,0
DA:264,0
DA:267,0
DA:270,0
DA:273,0
DA:276,0
DA:279,0
DA:284,0
DA:286,0
DA:292,0
DA:296,0
DA:300,0
DA:303,0
DA:305,0
DA:308,0
DA:311,0
DA:315,0
DA:318,0
DA:321,0
DA:324,0
DA:326,0
DA:327,0
DA:328,0
DA:329,0
DA:333,0
DA:334,0
DA:335,0
DA:336,0
DA:337,0
DA:340,0
DA:341,0
DA:348,0
DA:350,0
DA:351,0
DA:352,0
DA:353,0
DA:357,0
DA:358,0
DA:359,0
DA:360,0
DA:361,0
DA:364,0
DA:365,0
DA:372,0
DA:374,0
DA:377,0
DA:379,0
DA:380,0
DA:383,0
DA:389,0
DA:391,0
DA:393,0
DA:394,0
DA:396,0
DA:399,0
DA:402,0
DA:404,0
DA:407,0
DA:411,0
DA:413,0
DA:414,0
DA:421,0
DA:424,0
DA:426,0
DA:429,0
DA:431,0
DA:433,0
DA:436,0
DA:440,0
DA:441,0
DA:444,0
DA:447,0
DA:449,0
DA:451,0
DA:454,0
DA:456,0
DA:457,0
DA:461,0
DA:463,0
DA:465,0
DA:467,0
DA:469,0
DA:471,0
DA:473,0
DA:476,0
DA:478,0
DA:481,0
DA:484,0
DA:486,0
DA:487,0
DA:490,0
DA:493,0
DA:496,0
DA:498,0
DA:499,0
DA:506,0
DA:508,0
DA:511,0
DA:514,0
DA:515,0
DA:517,0
DA:519,0
DA:521,0
DA:523,0
DA:524,0
DA:531,0
DA:533,0
DA:534,0
DA:537,0
DA:539,0
DA:542,0
DA:544,0
DA:545,0
DA:549,0
DA:550,0
DA:551,0
DA:552,0
DA:556,0
DA:564,0
DA:574,0
DA:578,0
DA:581,0
DA:584,0
DA:586,0
DA:589,0
DA:592,0
DA:593,0
DA:600,0
DA:601,0
DA:603,0
DA:605,0
DA:607,0
DA:612,0
DA:614,0
DA:616,0
DA:618,0
DA:619,0
DA:620,0
DA:627,0
DA:629,0
DA:630,0
DA:632,0
DA:633,0
DA:636,0
DA:638,0
DA:650,0
DA:656,0
DA:660,0
DA:661,0
DA:665,0
DA:667,0
DA:668,0
DA:674,0
DA:678,0
DA:681,0
DA:682,0
DA:683,0
DA:690,0
DA:691,0
DA:692,0
DA:699,0
DA:702,0
DA:703,0
DA:711,0
DA:712,0
DA:715,0
DA:716,0
DA:717,0
DA:718,0
DA:719,0
LF:275
LH:0
end_of_record
SF:/Users/scheglov/Source/Dart/sdk.git/sdk/pkg/analyzer/lib/src/lint/io.dart
DA:8,0
DA:11,0
DA:14,0
LF:3
LH:0
end_of_record
SF:/Users/scheglov/Source/Dart/sdk.git/sdk/pkg/analyzer/lib/utilities/extensions/uri.dart
DA:8,0
DA:9,0
DA:10,0
DA:11,0
DA:15,0
DA:16,0
DA:17,0
DA:18,0
DA:19,0
DA:20,0
LF:10
LH:0
end_of_record
